Log file open, 07/07/19 18:13:28
LogPakFile: Registered encryption key '00000000000000000000000000000000': 0 pak files mounted, 0 remain pending
LogPlatformFile: Not using cached read wrapper
LogTaskGraph: Started task graph with 4 named threads and 5 total threads with 1 sets of task threads.
LogICUInternationalization: ICU TimeZone Detection - Raw Offset: +2:00, Platform Override: ''
LogInit: Build: ++UE4+Release-4.22-CL-0
LogInit: Engine Version: 4.22.3-0+++UE4+Release-4.22
LogInit: Compatible Engine Version: 4.22.0-0+++UE4+Release-4.22
LogInit: Net CL: 0
LogInit: OS: GenericOSVersionLabel (GenericOSSubVersionLabel), CPU: Intel(R) Core(TM) i7-4510U CPU @ 2.00GHz, GPU: GenericGPUBrand
LogInit: Compiled (64-bit): Jun 26 2019 12:35:10
LogInit: Compiled with Clang: 7.0.1 (tags/RELEASE_701/final)
LogInit: Build Configuration: Shipping
LogInit: Branch Name: ++UE4+Release-4.22
LogInit: Command Line:  -Abslog="/home/helaly/Documents/Unreal Projects/EscapeRoom/Saved/Logs/EscapeRoom-CRC.log" "/home/helaly/Documents/Unreal Projects/EscapeRoom/Saved/Crashes/crashinfo-EscapeRoom-pid-13271-8A40765808D70306CB57826C2DC1B9C6/"
LogInit: Base Directory: /home/helaly/unreal-engine/UnrealEngine/Engine/Binaries/Linux/
LogInit: Installed Engine Build: 1
LogInit: Presizing for max 100000 objects, including 0 objects not considered by GC, pre-allocating 0 bytes for permanent pool.
LogInit: Object subsystem initialized
LogConfig: Applying CVar settings from Section [ConsoleVariables] File [/home/helaly/.config/Epic/CrashReportClient/Saved/Config/Linux/Engine.ini]
[2019.07.07-16.13.29:416][  0]LogInit: Unix hardware info:
[2019.07.07-16.13.29:416][  0]LogInit:  - we are the first instance of this executable
[2019.07.07-16.13.29:416][  0]LogInit:  - this process' id (pid) is 25792, parent process' id (ppid) is 13271
[2019.07.07-16.13.29:416][  0]LogInit:  - we are not running under debugger
[2019.07.07-16.13.29:416][  0]LogInit:  - machine network name is 'Station'
[2019.07.07-16.13.29:417][  0]LogInit:  - user name is 'helaly' (helaly)
[2019.07.07-16.13.29:417][  0]LogInit:  - we're logged in locally
[2019.07.07-16.13.29:417][  0]LogInit:  - we're running with rendering
[2019.07.07-16.13.29:417][  0]LogInit:  - CPU: GenuineIntel 'Intel(R) Core(TM) i7-4510U CPU @ 2.00GHz' (signature: 0x40651)
[2019.07.07-16.13.29:417][  0]LogInit:  - Number of physical cores available for the process: 2
[2019.07.07-16.13.29:417][  0]LogInit:  - Number of logical cores available for the process: 4
[2019.07.07-16.13.29:417][  0]LogInit:  - Cache line size: 64
[2019.07.07-16.13.29:417][  0]LogInit:  - Memory allocator used: binned2
[2019.07.07-16.13.29:417][  0]LogInit:  - This binary is optimized with LTO: no, PGO: no, instrumented for PGO data collection: no
[2019.07.07-16.13.29:417][  0]LogCore: Skipped benchmarking clocks because the engine is running in a standalone program mode - CLOCK_MONOTONIC will be used.
[2019.07.07-16.13.29:417][  0]LogInit: Unix-specific commandline switches:
[2019.07.07-16.13.29:417][  0]LogInit:  -ansimalloc - use malloc()/free() from libc (useful for tools like valgrind and electric fence)
[2019.07.07-16.13.29:417][  0]LogInit:  -jemalloc - use jemalloc for all memory allocation
[2019.07.07-16.13.29:417][  0]LogInit:  -binnedmalloc - use binned malloc  for all memory allocation
[2019.07.07-16.13.29:417][  0]LogInit:  -filemapcachesize=NUMBER - set the size for case-sensitive file mapping cache
[2019.07.07-16.13.29:417][  0]LogInit:  -useksm - uses kernel same-page mapping (KSM) for mapped memory (OFF)
[2019.07.07-16.13.29:417][  0]LogInit:  -ksmmergeall - marks all mmap'd memory pages suitable for KSM (OFF)
[2019.07.07-16.13.29:417][  0]LogInit:  -preloadmodulesymbols - Loads the main module symbols file into memory (OFF)
[2019.07.07-16.13.29:417][  0]LogInit:  -sigdfl=SIGNAL - Allows a specific signal to be set to its default handler rather then ignoring the signal
[2019.07.07-16.13.29:417][  0]LogInit:  -httpproxy=ADDRESS:PORT - redirects HTTP requests to a proxy (only supported if compiled with libcurl)
[2019.07.07-16.13.29:417][  0]LogInit:  -reuseconn - allow libcurl to reuse HTTP connections (only matters if compiled with libcurl)
[2019.07.07-16.13.29:417][  0]LogInit:  -virtmemkb=NUMBER - sets process virtual memory (address space) limit (overrides VirtualMemoryLimitInKB value from .ini)
[2019.07.07-16.13.29:417][  0]LogInit:  - Physical RAM available (not considering process quota): 8 GB (7881 MB, 8070236 KB, 8263921664 bytes)
[2019.07.07-16.13.29:417][  0]LogInit:  - VirtualMemoryAllocator pools will grow at scale 1.4
[2019.07.07-16.13.29:417][  0]LogInit:  - MemoryRangeDecommit() will be a no-op (re-run with -vmapoolevict to change)
[2019.07.07-16.13.29:624][  0]LogAssetRegistry: FAssetRegistry took 0.0000 seconds to start up
[2019.07.07-16.13.29:624][  0]LogUObjectArray: 1050 objects as part of root set at end of initial load.
[2019.07.07-16.13.29:624][  0]LogUObjectAllocator: 157600 out of 0 bytes used by permanent object pool.
[2019.07.07-16.13.29:625][  0]LogUObjectArray: CloseDisregardForGC: 0/0 objects in disregard for GC pool
[2019.07.07-16.13.29:625][  0]LogInit: Using OS detected language (en-US).
[2019.07.07-16.13.29:625][  0]LogInit: Using OS detected locale (en-US).
[2019.07.07-16.13.29:625][  0]LogTextLocalizationManager: No localization for 'en-US' exists, so 'en' will be used for the language.
[2019.07.07-16.13.29:625][  0]LogTextLocalizationManager: No localization for 'en-US' exists, so 'en' will be used for the locale.
[2019.07.07-16.13.29:762][  0]LogInit: Using OS detected language (en-US).
[2019.07.07-16.13.29:762][  0]LogInit: Using OS detected locale (en-US).
[2019.07.07-16.13.29:762][  0]LogTextLocalizationManager: No localization for 'en-US' exists, so 'en' will be used for the language.
[2019.07.07-16.13.29:762][  0]LogTextLocalizationManager: No localization for 'en-US' exists, so 'en' will be used for the locale.
[2019.07.07-16.13.29:762][  0]LogTextLocalizationManager: Compacting localization data took   0.61ms
[2019.07.07-16.13.29:762][  0]LogPackageLocalizationCache: Processed 2 localized package path(s) for 1 prioritized culture(s) in 0.000031 seconds
[2019.07.07-16.13.29:762][  0]CrashReportClientLog: CrashReportClientVersion=1.0
[2019.07.07-16.13.29:763][  0]CrashReportClientLog: CrashReportReceiver disabled
[2019.07.07-16.13.29:763][  0]CrashReportClientLog: DataRouterUrl: https://datarouter.ol.epicgames.com/datarouter/api/v1/public/data
[2019.07.07-16.13.29:796][  0]LogInit: Initializing SDL.
[2019.07.07-16.13.32:110][  0]LogInit: Initialized SDL 2.0.8 revision: 11184 (hg-12121:4358e537000a with EpicExtensions) (compiled against 2.0.8)
[2019.07.07-16.13.32:110][  0]LogInit: Using SDL video driver 'x11'
[2019.07.07-16.13.32:941][  0]LogSlate: New Slate User Created.  User Index 0, Is Virtual User: 0
[2019.07.07-16.13.32:941][  0]LogSlate: Slate User Registered.  User Index 0, Is Virtual User: 0
[2019.07.07-16.13.33:020][  0]LogSlate: Using FreeType 2.6.0
[2019.07.07-16.13.33:144][  0]LogSlate: SlateFontServices - WITH_FREETYPE: 1, WITH_HARFBUZZ: 0
[2019.07.07-16.13.33:144][  0]LogInit: Using SDL_WINDOW_OPENGL
[2019.07.07-16.13.33:176][  0]LogInit: FSlateOpenGLContext::Initialize - creating OpenGL 2.1 context
[2019.07.07-16.13.35:308][  0]CrashReportClientLog: Initial state = Unknown UploadState value
[2019.07.07-16.13.35:308][  0]CrashReportClientLog: Initial state = Unknown UploadState value
[2019.07.07-16.13.35:418][  0]LogLinux: Scale at X=63.000000, Y=27.000000: 1.000000 (monitor=#0, HDPI=96.000000 (horz scale: 1.000000), VDPI=96.000000 (vert scale: 1.000000))
[2019.07.07-16.13.35:419][  0]LogLinux: Scale at X=339.500000, Y=100.500000: 1.000000 (monitor=#0, HDPI=96.000000 (horz scale: 1.000000), VDPI=96.000000 (vert scale: 1.000000))
[2019.07.07-16.13.35:419][  0]LogLinux: Scale at X=714.500000, Y=397.500000: 1.000000 (monitor=#0, HDPI=96.000000 (horz scale: 1.000000), VDPI=96.000000 (vert scale: 1.000000))
[2019.07.07-16.13.35:492][  0]LogInit: FSlateOpenGLContext::Initialize - creating OpenGL 2.1 context
[2019.07.07-16.13.35:602][  0]LogSlate: Took 0.062251 seconds to synchronously load lazily loaded font '../../../Engine/Content/Slate/Fonts/Roboto-Regular.ttf' (155K)
[2019.07.07-16.13.35:653][  0]LogSlate: Took 0.048646 seconds to synchronously load lazily loaded font '../../../Engine/Content/Slate/Fonts/Roboto-Bold.ttf' (160K)
[2019.07.07-16.13.35:683][  0]LogSlate: Took 0.021847 seconds to synchronously load lazily loaded font '../../../Engine/Content/Slate/Fonts/Roboto-Italic.ttf' (157K)
[2019.07.07-16.14.19:498][  0]LogCore: FUnixPlatformMisc::RequestExit(0)
[2019.07.07-16.14.19:498][  0]LogGenericPlatformMisc: FPlatformMisc::RequestExit(0)
[2019.07.07-16.14.19:532][  0]LogSlate: Request Window 'Unreal Engine 4 Crash Reporter' being destroyed
[2019.07.07-16.14.19:532][  0]LogSlate: Window 'Unreal Engine 4 Crash Reporter' being destroyed
[2019.07.07-16.14.20:219][  0]LogSlate: Slate User Destroyed.  User Index 0, Is Virtual User: 0
[2019.07.07-16.14.20:219][  0]LogExit: Preparing to exit.
[2019.07.07-16.14.20:221][  0]LogExit: Object subsystem successfully closed.
[2019.07.07-16.14.20:717][  0]LogModuleManager: Shutting down and abandoning module ImageWrapper (12)
[2019.07.07-16.14.20:717][  0]LogModuleManager: Shutting down and abandoning module InputCore (10)
[2019.07.07-16.14.20:717][  0]LogModuleManager: Shutting down and abandoning module CoreUObject (8)
[2019.07.07-16.14.20:717][  0]LogModuleManager: Shutting down and abandoning module SandboxFile (6)
[2019.07.07-16.14.20:717][  0]LogModuleManager: Shutting down and abandoning module PakFile (4)
[2019.07.07-16.14.20:718][  0]LogModuleManager: Shutting down and abandoning module RSA (3)
[2019.07.07-16.14.20:718][  0]LogExit: Exiting.
[2019.07.07-16.14.20:718][  0]LogInit: Tearing down SDL.
[2019.07.07-16.14.20:729][  0]Log file closed, 07/07/19 18:14:20
