Log file open, 07/07/19 11:58:39
LogConsoleResponse: Display: Failed to find resolution value strings in scalability ini. Falling back to default.
LogInit: Display: Running engine for game: EscapeRoom
LogPakFile: Registered encryption key '00000000000000000000000000000000': 0 pak files mounted, 0 remain pending
LogPlatformFile: Not using cached read wrapper
LogTaskGraph: Started task graph with 5 named threads and 8 total threads with 3 sets of task threads.
LogStats: Stats thread started at 0.077116
LogICUInternationalization: ICU TimeZone Detection - Raw Offset: +2:00, Platform Override: ''
LogPluginManager: Mounting plugin LightPropagationVolume
LogPluginManager: Mounting plugin HTML5Networking
LogPluginManager: Mounting plugin BackChannel
LogPluginManager: Mounting plugin AppleImageUtils
LogPluginManager: Mounting plugin AlembicImporter
LogPluginManager: Mounting plugin GeometryCache
LogPluginManager: Mounting plugin AppleVision
LogPluginManager: Mounting plugin ProxyLODPlugin
LogPluginManager: Mounting plugin CharacterAI
LogPluginManager: Mounting plugin SkeletalReduction
LogPluginManager: Mounting plugin LauncherChunkInstaller
LogPluginManager: Mounting plugin AssetManagerEditor
LogPluginManager: Mounting plugin SpeedTreeImporter
LogPluginManager: Mounting plugin MobileLauncherProfileWizard
LogPluginManager: Mounting plugin DataValidation
LogPluginManager: Mounting plugin MacGraphicsSwitching
LogPluginManager: Mounting plugin PluginBrowser
LogPluginManager: Mounting plugin FacialAnimation
LogPluginManager: Mounting plugin GameplayTagsEditor
LogPluginManager: Mounting plugin CryptoKeys
LogPluginManager: Mounting plugin MaterialAnalyzer
LogPluginManager: Mounting plugin MediaPlayerEditor
LogPluginManager: Mounting plugin MediaCompositing
LogPluginManager: Mounting plugin AvfMedia
LogPluginManager: Mounting plugin ImgMedia
LogPluginManager: Mounting plugin AndroidMedia
LogPluginManager: Mounting plugin LinearTimecode
LogPluginManager: Mounting plugin WebMMedia
LogPluginManager: Mounting plugin WmfMedia
LogPluginManager: Mounting plugin MatineeToLevelSequence
LogPluginManager: Mounting plugin LevelSequenceEditor
LogPluginManager: Mounting plugin ActorSequence
LogPluginManager: Mounting plugin OnlineSubsystem
LogPluginManager: Mounting plugin OnlineSubsystemGooglePlay
LogPluginManager: Mounting plugin OnlineSubsystemNull
LogPluginManager: Mounting plugin OnlineSubsystemIOS
LogPluginManager: Mounting plugin OnlineSubsystemUtils
LogPluginManager: Mounting plugin TcpMessaging
LogPluginManager: Mounting plugin UdpMessaging
LogPluginManager: Mounting plugin AISupport
LogPluginManager: Mounting plugin PerforceSourceControl
LogPluginManager: Mounting plugin CodeLiteSourceCodeAccess
LogPluginManager: Mounting plugin VisualStudioSourceCodeAccess
LogPluginManager: Mounting plugin UObjectPlugin
LogPluginManager: Mounting plugin KDevelopSourceCodeAccess
LogPluginManager: Mounting plugin NullSourceCodeAccess
LogPluginManager: Mounting plugin GitSourceControl
LogPluginManager: Mounting plugin SubversionSourceControl
LogPluginManager: Mounting plugin VisualStudioCodeSourceCodeAccess
LogPluginManager: Mounting plugin AnimationSharing
LogPluginManager: Mounting plugin CLionSourceCodeAccess
LogPluginManager: Mounting plugin XCodeSourceCodeAccess
LogPluginManager: Mounting plugin ActorLayerUtilities
LogPluginManager: Mounting plugin VariantManagerContent
LogPluginManager: Mounting plugin DatasmithContent
LogPluginManager: Mounting plugin Paper2D
LogPluginManager: Mounting plugin LinuxDeviceProfileSelector
LogPluginManager: Mounting plugin LocationServicesBPLibrary
LogPluginManager: Mounting plugin RuntimePhysXCooking
LogPluginManager: Mounting plugin AndroidPermission
LogPluginManager: Mounting plugin CableComponent
LogPluginManager: Mounting plugin ProceduralMeshComponent
LogPluginManager: Mounting plugin SteamVR
LogPluginManager: Mounting plugin AndroidMoviePlayer
LogPluginManager: Mounting plugin ArchVisCharacter
LogPluginManager: Mounting plugin IOSDeviceProfileSelector
LogPluginManager: Mounting plugin MobilePatchingUtils
LogPluginManager: Mounting plugin AndroidDeviceProfileSelector
LogPluginManager: Mounting plugin PhysXVehicles
LogPluginManager: Mounting plugin WindowsMoviePlayer
LogPluginManager: Mounting plugin AppleMoviePlayer
LogPluginManager: Mounting plugin SignificanceManager
LogPluginManager: Mounting plugin OculusVR
LogPluginManager: Mounting plugin AudioCapture
LogPluginManager: Mounting plugin GoogleCloudMessaging
LogPluginManager: Mounting plugin ExampleDeviceProfileSelector
LogPluginManager: Mounting plugin Firebase
LogPluginManager: Mounting plugin EditableMesh
LogPluginManager: Mounting plugin WebMMoviePlayer
LogPluginManager: Mounting plugin CustomMeshComponent
LogPluginManager: Mounting plugin MagicLeap
LogPluginManager: Mounting plugin MagicLeapMedia
LogPluginManager: Mounting plugin NUTUnrealEngine4
LogPluginManager: Mounting plugin NetcodeUnitTest
LogInit: Using libcurl 7.48.0-DEV
LogInit:  - built for x86_64-unknown-linux-gnu
LogInit:  - supports SSL with OpenSSL/1.0.2h
LogInit:  - supports HTTP deflate (compression) using libz 1.2.8
LogInit:  - other features:
LogInit:      CURL_VERSION_SSL
LogInit:      CURL_VERSION_LIBZ
LogInit:      CURL_VERSION_IPV6
LogInit:      CURL_VERSION_ASYNCHDNS
LogInit:      CURL_VERSION_LARGEFILE
LogInit:      CURL_VERSION_TLSAUTH_SRP
LogInit:  CurlRequestOptions (configurable via config and command line):
LogInit:  - bVerifyPeer = true  - Libcurl will verify peer certificate
LogInit:  - bUseHttpProxy = false  - Libcurl will NOT use HTTP proxy
LogInit:  - bDontReuseConnections = false  - Libcurl will reuse connections
LogInit:  - MaxHostConnections = 16  - Libcurl will limit the number of connections to a host
LogInit:  - LocalHostAddr = Default
LogInit:  - BufferSize = 65536
LogInit: Build: ++UE4+Release-4.22-CL-0
LogInit: Engine Version: 4.22.3-0+++UE4+Release-4.22
LogInit: Compatible Engine Version: 4.22.0-0+++UE4+Release-4.22
LogInit: Net CL: 0
LogInit: OS: GenericOSVersionLabel (GenericOSSubVersionLabel), CPU: Intel(R) Core(TM) i7-4510U CPU @ 2.00GHz, GPU: GenericGPUBrand
LogInit: Compiled (64-bit): Jun 26 2019 12:56:49
LogInit: Compiled with Clang: 7.0.1 (tags/RELEASE_701/final)
LogInit: Build Configuration: Development
LogInit: Branch Name: ++UE4+Release-4.22
LogInit: Command Line: 
LogInit: Base Directory: /home/helaly/unreal-engine/UnrealEngine/Engine/Binaries/Linux/
LogInit: Installed Engine Build: 0
LogDevObjectVersion: Number of dev versions registered: 23
LogDevObjectVersion:   Dev-Blueprints (B0D832E4-1F89-4F0D-ACCF-7EB736FD4AA2): 10
LogDevObjectVersion:   Dev-Build (E1C64328-A22C-4D53-A36C-8E866417BD8C): 0
LogDevObjectVersion:   Dev-Core (375EC13C-06E4-48FB-B500-84F0262A717E): 3
LogDevObjectVersion:   Dev-Editor (E4B068ED-F494-42E9-A231-DA0B2E46BB41): 30
LogDevObjectVersion:   Dev-Framework (CFFC743F-43B0-4480-9391-14DF171D2073): 35
LogDevObjectVersion:   Dev-Mobile (B02B49B5-BB20-44E9-A304-32B752E40360): 2
LogDevObjectVersion:   Dev-Networking (A4E4105C-59A1-49B5-A7C5-40C4547EDFEE): 0
LogDevObjectVersion:   Dev-Online (39C831C9-5AE6-47DC-9A44-9C173E1C8E7C): 0
LogDevObjectVersion:   Dev-Physics (78F01B33-EBEA-4F98-B9B4-84EACCB95AA2): 0
LogDevObjectVersion:   Dev-Platform (6631380F-2D4D-43E0-8009-CF276956A95A): 0
LogDevObjectVersion:   Dev-Rendering (12F88B9F-8875-4AFC-A67C-D90C383ABD29): 28
LogDevObjectVersion:   Dev-Sequencer (7B5AE74C-D270-4C10-A958-57980B212A5A): 11
LogDevObjectVersion:   Dev-VR (D7296918-1DD6-4BDD-9DE2-64A83CC13884): 2
LogDevObjectVersion:   Dev-LoadTimes (C2A15278-BFE7-4AFE-6C17-90FF531DF755): 1
LogDevObjectVersion:   Private-Geometry (6EACA3D4-40EC-4CC1-B786-8BED09428FC5): 3
LogDevObjectVersion:   Dev-AnimPhys (29E575DD-E0A3-4627-9D10-D276232CDCEA): 17
LogDevObjectVersion:   Dev-Anim (AF43A65D-7FD3-4947-9873-3E8ED9C1BB05): 2
LogDevObjectVersion:   Dev-ReflectionCapture (6B266CEC-1EC7-4B8F-A30B-E4D90942FC07): 1
LogDevObjectVersion:   Dev-Automation (0DF73D61-A23F-47EA-B727-89E90C41499A): 1
LogDevObjectVersion:   FortniteMain (601D1886-AC64-4F84-AA16-D3DE0DEAC7D6): 25
LogDevObjectVersion:   Dev-Enterprise (9DFFBCD6-494F-0158-E221-12823C92A888): 6
LogDevObjectVersion:   Dev-Niagara (F2AED0AC-9AFE-416F-8664-AA7FFA26D6FC): 1
LogDevObjectVersion:   Dev-Destruction (174F1F0B-B4C6-45A5-B13F-2EE8D0FB917D): 2
LogInit: Presizing for max 16777216 objects, including 0 objects not considered by GC, pre-allocating 0 bytes for permanent pool.
LogInit: Object subsystem initialized
LogConfig: Setting CVar [[con.DebugEarlyDefault:1]]
LogConfig: Setting CVar [[r.setres:1280x720]]
[2019.07.07-09.58.41:632][  0]LogConfig: Setting CVar [[r.VSync:0]]
[2019.07.07-09.58.41:633][  0]LogConfig: Setting CVar [[r.RHICmdBypass:1]]
[2019.07.07-09.58.41:633][  0]LogConfig: Applying CVar settings from Section [/Script/Engine.RendererSettings] File [/home/helaly/Documents/Unreal Projects/EscapeRoom/Saved/Config/Linux/Engine.ini]
[2019.07.07-09.58.41:633][  0]LogConfig: Setting CVar [[r.GPUCrashDebugging:0]]
[2019.07.07-09.58.41:633][  0]LogConfig: Setting CVar [[r.DefaultFeature.AutoExposure.ExtendDefaultLuminanceRange:1]]
[2019.07.07-09.58.41:633][  0]LogConfig: Applying CVar settings from Section [/Script/Engine.RendererOverrideSettings] File [/home/helaly/Documents/Unreal Projects/EscapeRoom/Saved/Config/Linux/Engine.ini]
[2019.07.07-09.58.41:633][  0]LogConfig: Applying CVar settings from Section [/Script/Engine.StreamingSettings] File [/home/helaly/Documents/Unreal Projects/EscapeRoom/Saved/Config/Linux/Engine.ini]
[2019.07.07-09.58.41:633][  0]LogConfig: Setting CVar [[s.MinBulkDataSizeForAsyncLoading:131072]]
[2019.07.07-09.58.41:633][  0]LogConfig: Setting CVar [[s.AsyncLoadingThreadEnabled:0]]
[2019.07.07-09.58.41:633][  0]LogConfig: Setting CVar [[s.EventDrivenLoaderEnabled:1]]
[2019.07.07-09.58.41:633][  0]LogConfig: Setting CVar [[s.WarnIfTimeLimitExceeded:0]]
[2019.07.07-09.58.41:633][  0]LogConfig: Setting CVar [[s.TimeLimitExceededMultiplier:1.5]]
[2019.07.07-09.58.41:633][  0]LogConfig: Setting CVar [[s.TimeLimitExceededMinTime:0.005]]
[2019.07.07-09.58.41:633][  0]LogConfig: Setting CVar [[s.UseBackgroundLevelStreaming:1]]
[2019.07.07-09.58.41:633][  0]LogConfig: Setting CVar [[s.PriorityAsyncLoadingExtraTime:15.0]]
[2019.07.07-09.58.41:633][  0]LogConfig: Setting CVar [[s.LevelStreamingActorsUpdateTimeLimit:5.0]]
[2019.07.07-09.58.41:633][  0]LogConfig: Setting CVar [[s.PriorityLevelStreamingActorsUpdateExtraTime:5.0]]
[2019.07.07-09.58.41:633][  0]LogConfig: Setting CVar [[s.LevelStreamingComponentsRegistrationGranularity:10]]
[2019.07.07-09.58.41:633][  0]LogConfig: Setting CVar [[s.UnregisterComponentsTimeLimit:1.0]]
[2019.07.07-09.58.41:633][  0]LogConfig: Setting CVar [[s.LevelStreamingComponentsUnregistrationGranularity:5]]
[2019.07.07-09.58.41:633][  0]LogConfig: Applying CVar settings from Section [/Script/Engine.GarbageCollectionSettings] File [/home/helaly/Documents/Unreal Projects/EscapeRoom/Saved/Config/Linux/Engine.ini]
[2019.07.07-09.58.41:633][  0]LogConfig: Setting CVar [[gc.MaxObjectsNotConsideredByGC:1]]
[2019.07.07-09.58.41:633][  0]LogConfig: Setting CVar [[gc.SizeOfPermanentObjectPool:0]]
[2019.07.07-09.58.41:633][  0]LogConfig: Setting CVar [[gc.FlushStreamingOnGC:0]]
[2019.07.07-09.58.41:633][  0]LogConfig: Setting CVar [[gc.NumRetriesBeforeForcingGC:10]]
[2019.07.07-09.58.41:633][  0]LogConfig: Setting CVar [[gc.AllowParallelGC:1]]
[2019.07.07-09.58.41:633][  0]LogConfig: Setting CVar [[gc.TimeBetweenPurgingPendingKillObjects:61.1]]
[2019.07.07-09.58.41:633][  0]LogConfig: Setting CVar [[gc.MaxObjectsInEditor:16777216]]
[2019.07.07-09.58.41:633][  0]LogConfig: Setting CVar [[gc.IncrementalBeginDestroyEnabled:1]]
[2019.07.07-09.58.41:633][  0]LogConfig: Setting CVar [[gc.CreateGCClusters:1]]
[2019.07.07-09.58.41:633][  0]LogConfig: Setting CVar [[gc.MinGCClusterSize:5]]
[2019.07.07-09.58.41:633][  0]LogConfig: Setting CVar [[gc.ActorClusteringEnabled:0]]
[2019.07.07-09.58.41:633][  0]LogConfig: Setting CVar [[gc.BlueprintClusteringEnabled:0]]
[2019.07.07-09.58.41:633][  0]LogConfig: Setting CVar [[gc.UseDisregardForGCOnDedicatedServers:0]]
[2019.07.07-09.58.41:633][  0]LogConfig: Applying CVar settings from Section [/Script/Engine.NetworkSettings] File [/home/helaly/Documents/Unreal Projects/EscapeRoom/Saved/Config/Linux/Engine.ini]
[2019.07.07-09.58.41:633][  0]LogConfig: Applying CVar settings from Section [/Script/UnrealEd.CookerSettings] File [/home/helaly/Documents/Unreal Projects/EscapeRoom/Saved/Config/Linux/Engine.ini]
[2019.07.07-09.58.41:634][  0]LogInit: Initializing SDL.
[2019.07.07-09.58.41:762][  0]LogInit: Initialized SDL 2.0.8 revision: 11184 (hg-12121:4358e537000a with EpicExtensions) (compiled against 2.0.8)
[2019.07.07-09.58.41:762][  0]LogInit: Using SDL video driver 'x11'
[2019.07.07-09.58.41:763][  0]LogInit: Display metrics:
[2019.07.07-09.58.41:763][  0]LogInit:   PrimaryDisplayWidth: 1366
[2019.07.07-09.58.41:763][  0]LogInit:   PrimaryDisplayHeight: 768
[2019.07.07-09.58.41:763][  0]LogInit:   PrimaryDisplayWorkAreaRect:
[2019.07.07-09.58.41:763][  0]LogInit:     Left=63, Top=27, Right=1366, Bottom=768
[2019.07.07-09.58.41:763][  0]LogInit:   VirtualDisplayRect:
[2019.07.07-09.58.41:763][  0]LogInit:     Left=63, Top=27, Right=1366, Bottom=768
[2019.07.07-09.58.41:763][  0]LogInit:   TitleSafePaddingSize: X=0.000 Y=0.000 Z=0.000 W=0.000
[2019.07.07-09.58.41:763][  0]LogInit:   ActionSafePaddingSize: X=0.000 Y=0.000 Z=0.000 W=0.000
[2019.07.07-09.58.41:763][  0]LogInit:   Number of monitors: 1
[2019.07.07-09.58.41:763][  0]LogInit:     Monitor 0
[2019.07.07-09.58.41:763][  0]LogInit:       Name: 0
[2019.07.07-09.58.41:763][  0]LogInit:       ID: display0
[2019.07.07-09.58.41:763][  0]LogInit:       NativeWidth: 1366
[2019.07.07-09.58.41:763][  0]LogInit:       NativeHeight: 768
[2019.07.07-09.58.41:763][  0]LogInit:       bIsPrimary: true
[2019.07.07-09.58.41:764][  0]LogConfig: Applying CVar settings from Section [ViewDistanceQuality@3] File [/home/helaly/Documents/Unreal Projects/EscapeRoom/Saved/Config/Linux/Scalability.ini]
[2019.07.07-09.58.41:764][  0]LogConfig: Setting CVar [[r.SkeletalMeshLODBias:0]]
[2019.07.07-09.58.41:764][  0]LogConfig: Setting CVar [[r.ViewDistanceScale:1.0]]
[2019.07.07-09.58.41:764][  0]LogConfig: Applying CVar settings from Section [AntiAliasingQuality@3] File [/home/helaly/Documents/Unreal Projects/EscapeRoom/Saved/Config/Linux/Scalability.ini]
[2019.07.07-09.58.41:764][  0]LogConfig: Setting CVar [[r.PostProcessAAQuality:4]]
[2019.07.07-09.58.41:764][  0]LogConfig: Applying CVar settings from Section [ShadowQuality@3] File [/home/helaly/Documents/Unreal Projects/EscapeRoom/Saved/Config/Linux/Scalability.ini]
[2019.07.07-09.58.41:764][  0]LogConfig: Setting CVar [[r.LightFunctionQuality:1]]
[2019.07.07-09.58.41:764][  0]LogConfig: Setting CVar [[r.ShadowQuality:5]]
[2019.07.07-09.58.41:764][  0]LogConfig: Setting CVar [[r.Shadow.CSM.MaxCascades:10]]
[2019.07.07-09.58.41:764][  0]LogConfig: Setting CVar [[r.Shadow.MaxResolution:2048]]
[2019.07.07-09.58.41:764][  0]LogConfig: Setting CVar [[r.Shadow.MaxCSMResolution:2048]]
[2019.07.07-09.58.41:764][  0]LogConfig: Setting CVar [[r.Shadow.RadiusThreshold:0.01]]
[2019.07.07-09.58.41:764][  0]LogConfig: Setting CVar [[r.Shadow.DistanceScale:1.0]]
[2019.07.07-09.58.41:764][  0]LogConfig: Setting CVar [[r.Shadow.CSM.TransitionScale:1.0]]
[2019.07.07-09.58.41:764][  0]LogConfig: Setting CVar [[r.Shadow.PreShadowResolutionFactor:1.0]]
[2019.07.07-09.58.41:764][  0]LogConfig: Setting CVar [[r.DistanceFieldShadowing:1]]
[2019.07.07-09.58.41:764][  0]LogConfig: Setting CVar [[r.DistanceFieldAO:1]]
[2019.07.07-09.58.41:764][  0]LogConfig: Setting CVar [[r.AOQuality:2]]
[2019.07.07-09.58.41:764][  0]LogConfig: Setting CVar [[r.VolumetricFog:1]]
[2019.07.07-09.58.41:764][  0]LogConfig: Setting CVar [[r.VolumetricFog.GridPixelSize:8]]
[2019.07.07-09.58.41:764][  0]LogConfig: Setting CVar [[r.VolumetricFog.GridSizeZ:128]]
[2019.07.07-09.58.41:765][  0]LogConfig: Setting CVar [[r.VolumetricFog.HistoryMissSupersampleCount:4]]
[2019.07.07-09.58.41:765][  0]LogConfig: Setting CVar [[r.LightMaxDrawDistanceScale:1]]
[2019.07.07-09.58.41:765][  0]LogConfig: Setting CVar [[r.CapsuleShadows:1]]
[2019.07.07-09.58.41:765][  0]LogConfig: Applying CVar settings from Section [PostProcessQuality@3] File [/home/helaly/Documents/Unreal Projects/EscapeRoom/Saved/Config/Linux/Scalability.ini]
[2019.07.07-09.58.41:765][  0]LogConfig: Setting CVar [[r.MotionBlurQuality:4]]
[2019.07.07-09.58.41:765][  0]LogConfig: Setting CVar [[r.AmbientOcclusionMipLevelFactor:0.4]]
[2019.07.07-09.58.41:765][  0]LogConfig: Setting CVar [[r.AmbientOcclusionMaxQuality:100]]
[2019.07.07-09.58.41:765][  0]LogConfig: Setting CVar [[r.AmbientOcclusionLevels:-1]]
[2019.07.07-09.58.41:765][  0]LogConfig: Setting CVar [[r.AmbientOcclusionRadiusScale:1.0]]
[2019.07.07-09.58.41:765][  0]LogConfig: Setting CVar [[r.DepthOfFieldQuality:2]]
[2019.07.07-09.58.41:765][  0]LogConfig: Setting CVar [[r.RenderTargetPoolMin:400]]
[2019.07.07-09.58.41:765][  0]LogConfig: Setting CVar [[r.LensFlareQuality:2]]
[2019.07.07-09.58.41:765][  0]LogConfig: Setting CVar [[r.SceneColorFringeQuality:1]]
[2019.07.07-09.58.41:765][  0]LogConfig: Setting CVar [[r.EyeAdaptationQuality:2]]
[2019.07.07-09.58.41:765][  0]LogConfig: Setting CVar [[r.BloomQuality:5]]
[2019.07.07-09.58.41:765][  0]LogConfig: Setting CVar [[r.FastBlurThreshold:100]]
[2019.07.07-09.58.41:765][  0]LogConfig: Setting CVar [[r.Upscale.Quality:3]]
[2019.07.07-09.58.41:765][  0]LogConfig: Setting CVar [[r.Tonemapper.GrainQuantization:1]]
[2019.07.07-09.58.41:765][  0]LogConfig: Setting CVar [[r.LightShaftQuality:1]]
[2019.07.07-09.58.41:765][  0]LogConfig: Setting CVar [[r.Filter.SizeScale:1]]
[2019.07.07-09.58.41:765][  0]LogConfig: Setting CVar [[r.Tonemapper.Quality:5]]
[2019.07.07-09.58.41:765][  0]LogConfig: Setting CVar [[r.DOF.Gather.AccumulatorQuality:1        ; higher gathering accumulator quality]]
[2019.07.07-09.58.41:765][  0]LogConfig: Setting CVar [[r.DOF.Gather.PostfilterMethod:1          ; Median3x3 postfilering method]]
[2019.07.07-09.58.41:765][  0]LogConfig: Setting CVar [[r.DOF.Gather.EnableBokehSettings:0       ; no bokeh simulation when gathering]]
[2019.07.07-09.58.41:766][  0]LogConfig: Setting CVar [[r.DOF.Gather.RingCount:4                 ; medium number of samples when gathering]]
[2019.07.07-09.58.41:766][  0]LogConfig: Setting CVar [[r.DOF.Scatter.ForegroundCompositing:1    ; additive foreground scattering]]
[2019.07.07-09.58.41:766][  0]LogConfig: Setting CVar [[r.DOF.Scatter.BackgroundCompositing:2    ; additive background scattering]]
[2019.07.07-09.58.41:766][  0]LogConfig: Setting CVar [[r.DOF.Scatter.EnableBokehSettings:1      ; bokeh simulation when scattering]]
[2019.07.07-09.58.41:766][  0]LogConfig: Setting CVar [[r.DOF.Scatter.MaxSpriteRatio:0.1         ; only a maximum of 10% of scattered bokeh]]
[2019.07.07-09.58.41:766][  0]LogConfig: Setting CVar [[r.DOF.Recombine.Quality:1                ; cheap slight out of focus]]
[2019.07.07-09.58.41:766][  0]LogConfig: Setting CVar [[r.DOF.Recombine.EnableBokehSettings:0    ; no bokeh simulation on slight out of focus]]
[2019.07.07-09.58.41:766][  0]LogConfig: Setting CVar [[r.DOF.TemporalAAQuality:1                ; more stable temporal accumulation]]
[2019.07.07-09.58.41:766][  0]LogConfig: Setting CVar [[r.DOF.Kernel.MaxForegroundRadius:0.025]]
[2019.07.07-09.58.41:766][  0]LogConfig: Setting CVar [[r.DOF.Kernel.MaxBackgroundRadius:0.025]]
[2019.07.07-09.58.41:766][  0]LogConfig: Applying CVar settings from Section [TextureQuality@3] File [/home/helaly/Documents/Unreal Projects/EscapeRoom/Saved/Config/Linux/Scalability.ini]
[2019.07.07-09.58.41:766][  0]LogConfig: Setting CVar [[r.Streaming.MipBias:0]]
[2019.07.07-09.58.41:766][  0]LogConfig: Setting CVar [[r.Streaming.AmortizeCPUToGPUCopy:0]]
[2019.07.07-09.58.41:766][  0]LogConfig: Setting CVar [[r.Streaming.MaxNumTexturesToStreamPerFrame:0]]
[2019.07.07-09.58.41:766][  0]LogConfig: Setting CVar [[r.Streaming.Boost:1]]
[2019.07.07-09.58.41:766][  0]LogConfig: Setting CVar [[r.MaxAnisotropy:8]]
[2019.07.07-09.58.41:766][  0]LogConfig: Setting CVar [[r.Streaming.LimitPoolSizeToVRAM:0]]
[2019.07.07-09.58.41:766][  0]LogConfig: Setting CVar [[r.Streaming.PoolSize:1000]]
[2019.07.07-09.58.41:766][  0]LogConfig: Setting CVar [[r.Streaming.MaxEffectiveScreenSize:0]]
[2019.07.07-09.58.41:766][  0]LogConfig: Applying CVar settings from Section [EffectsQuality@3] File [/home/helaly/Documents/Unreal Projects/EscapeRoom/Saved/Config/Linux/Scalability.ini]
[2019.07.07-09.58.41:766][  0]LogConfig: Setting CVar [[r.TranslucencyLightingVolumeDim:64]]
[2019.07.07-09.58.41:766][  0]LogConfig: Setting CVar [[r.RefractionQuality:2]]
[2019.07.07-09.58.41:767][  0]LogConfig: Setting CVar [[r.SSR.Quality:3]]
[2019.07.07-09.58.41:767][  0]LogConfig: Setting CVar [[r.SceneColorFormat:4]]
[2019.07.07-09.58.41:767][  0]LogConfig: Setting CVar [[r.DetailMode:2]]
[2019.07.07-09.58.41:767][  0]LogConfig: Setting CVar [[r.TranslucencyVolumeBlur:1]]
[2019.07.07-09.58.41:767][  0]LogConfig: Setting CVar [[r.MaterialQualityLevel:1 ; High quality]]
[2019.07.07-09.58.41:767][  0]LogConfig: Setting CVar [[r.SSS.Scale:1]]
[2019.07.07-09.58.41:767][  0]LogConfig: Setting CVar [[r.SSS.SampleSet:2]]
[2019.07.07-09.58.41:767][  0]LogConfig: Setting CVar [[r.SSS.Quality:1]]
[2019.07.07-09.58.41:767][  0]LogConfig: Setting CVar [[r.SSS.HalfRes:1]]
[2019.07.07-09.58.41:767][  0]LogConfig: Setting CVar [[r.EmitterSpawnRateScale:1.0]]
[2019.07.07-09.58.41:767][  0]LogConfig: Setting CVar [[r.ParticleLightQuality:2]]
[2019.07.07-09.58.41:767][  0]LogConfig: Applying CVar settings from Section [FoliageQuality@3] File [/home/helaly/Documents/Unreal Projects/EscapeRoom/Saved/Config/Linux/Scalability.ini]
[2019.07.07-09.58.41:767][  0]LogConfig: Setting CVar [[foliage.DensityScale:1.0]]
[2019.07.07-09.58.41:767][  0]LogConfig: Setting CVar [[grass.DensityScale:1.0]]
[2019.07.07-09.58.41:767][  0]LogLinux: Selected Device Profile: [Linux]
[2019.07.07-09.58.41:767][  0]LogInit: Applying CVar settings loaded from the selected device profile: [Linux]
[2019.07.07-09.58.41:809][  0]LogHAL: Display: Platform has ~ 4 GB [8263921664 / 4294967296 / 8], which maps to Smallest [LargestMinGB=32, LargerMinGB=12, DefaultMinGB=8, SmallerMinGB=6, SmallestMinGB=0)
[2019.07.07-09.58.41:809][  0]LogInit: Going up to parent DeviceProfile []
[2019.07.07-09.58.41:809][  0]LogConfig: Applying CVar settings from Section [ViewDistanceQuality@3] File [/home/helaly/Documents/Unreal Projects/EscapeRoom/Saved/Config/Linux/Scalability.ini]
[2019.07.07-09.58.41:809][  0]LogConfig: Setting CVar [[r.SkeletalMeshLODBias:0]]
[2019.07.07-09.58.41:809][  0]LogConfig: Setting CVar [[r.ViewDistanceScale:1.0]]
[2019.07.07-09.58.41:809][  0]LogConfig: Applying CVar settings from Section [AntiAliasingQuality@3] File [/home/helaly/Documents/Unreal Projects/EscapeRoom/Saved/Config/Linux/Scalability.ini]
[2019.07.07-09.58.41:809][  0]LogConfig: Setting CVar [[r.PostProcessAAQuality:4]]
[2019.07.07-09.58.41:809][  0]LogConfig: Applying CVar settings from Section [ShadowQuality@3] File [/home/helaly/Documents/Unreal Projects/EscapeRoom/Saved/Config/Linux/Scalability.ini]
[2019.07.07-09.58.41:809][  0]LogConfig: Setting CVar [[r.LightFunctionQuality:1]]
[2019.07.07-09.58.41:809][  0]LogConfig: Setting CVar [[r.ShadowQuality:5]]
[2019.07.07-09.58.41:809][  0]LogConfig: Setting CVar [[r.Shadow.CSM.MaxCascades:10]]
[2019.07.07-09.58.41:809][  0]LogConfig: Setting CVar [[r.Shadow.MaxResolution:2048]]
[2019.07.07-09.58.41:809][  0]LogConfig: Setting CVar [[r.Shadow.MaxCSMResolution:2048]]
[2019.07.07-09.58.41:809][  0]LogConfig: Setting CVar [[r.Shadow.RadiusThreshold:0.01]]
[2019.07.07-09.58.41:809][  0]LogConfig: Setting CVar [[r.Shadow.DistanceScale:1.0]]
[2019.07.07-09.58.41:809][  0]LogConfig: Setting CVar [[r.Shadow.CSM.TransitionScale:1.0]]
[2019.07.07-09.58.41:809][  0]LogConfig: Setting CVar [[r.Shadow.PreShadowResolutionFactor:1.0]]
[2019.07.07-09.58.41:809][  0]LogConfig: Setting CVar [[r.DistanceFieldShadowing:1]]
[2019.07.07-09.58.41:809][  0]LogConfig: Setting CVar [[r.DistanceFieldAO:1]]
[2019.07.07-09.58.41:809][  0]LogConfig: Setting CVar [[r.AOQuality:2]]
[2019.07.07-09.58.41:809][  0]LogConfig: Setting CVar [[r.VolumetricFog:1]]
[2019.07.07-09.58.41:809][  0]LogConfig: Setting CVar [[r.VolumetricFog.GridPixelSize:8]]
[2019.07.07-09.58.41:809][  0]LogConfig: Setting CVar [[r.VolumetricFog.GridSizeZ:128]]
[2019.07.07-09.58.41:809][  0]LogConfig: Setting CVar [[r.VolumetricFog.HistoryMissSupersampleCount:4]]
[2019.07.07-09.58.41:809][  0]LogConfig: Setting CVar [[r.LightMaxDrawDistanceScale:1]]
[2019.07.07-09.58.41:810][  0]LogConfig: Setting CVar [[r.CapsuleShadows:1]]
[2019.07.07-09.58.41:810][  0]LogConfig: Applying CVar settings from Section [PostProcessQuality@3] File [/home/helaly/Documents/Unreal Projects/EscapeRoom/Saved/Config/Linux/Scalability.ini]
[2019.07.07-09.58.41:810][  0]LogConfig: Setting CVar [[r.MotionBlurQuality:4]]
[2019.07.07-09.58.41:810][  0]LogConfig: Setting CVar [[r.AmbientOcclusionMipLevelFactor:0.4]]
[2019.07.07-09.58.41:810][  0]LogConfig: Setting CVar [[r.AmbientOcclusionMaxQuality:100]]
[2019.07.07-09.58.41:810][  0]LogConfig: Setting CVar [[r.AmbientOcclusionLevels:-1]]
[2019.07.07-09.58.41:810][  0]LogConfig: Setting CVar [[r.AmbientOcclusionRadiusScale:1.0]]
[2019.07.07-09.58.41:810][  0]LogConfig: Setting CVar [[r.DepthOfFieldQuality:2]]
[2019.07.07-09.58.41:810][  0]LogConfig: Setting CVar [[r.RenderTargetPoolMin:400]]
[2019.07.07-09.58.41:810][  0]LogConfig: Setting CVar [[r.LensFlareQuality:2]]
[2019.07.07-09.58.41:810][  0]LogConfig: Setting CVar [[r.SceneColorFringeQuality:1]]
[2019.07.07-09.58.41:810][  0]LogConfig: Setting CVar [[r.EyeAdaptationQuality:2]]
[2019.07.07-09.58.41:810][  0]LogConfig: Setting CVar [[r.BloomQuality:5]]
[2019.07.07-09.58.41:810][  0]LogConfig: Setting CVar [[r.FastBlurThreshold:100]]
[2019.07.07-09.58.41:810][  0]LogConfig: Setting CVar [[r.Upscale.Quality:3]]
[2019.07.07-09.58.41:810][  0]LogConfig: Setting CVar [[r.Tonemapper.GrainQuantization:1]]
[2019.07.07-09.58.41:810][  0]LogConfig: Setting CVar [[r.LightShaftQuality:1]]
[2019.07.07-09.58.41:810][  0]LogConfig: Setting CVar [[r.Filter.SizeScale:1]]
[2019.07.07-09.58.41:810][  0]LogConfig: Setting CVar [[r.Tonemapper.Quality:5]]
[2019.07.07-09.58.41:810][  0]LogConfig: Setting CVar [[r.DOF.Gather.AccumulatorQuality:1        ; higher gathering accumulator quality]]
[2019.07.07-09.58.41:810][  0]LogConfig: Setting CVar [[r.DOF.Gather.PostfilterMethod:1          ; Median3x3 postfilering method]]
[2019.07.07-09.58.41:810][  0]LogConfig: Setting CVar [[r.DOF.Gather.EnableBokehSettings:0       ; no bokeh simulation when gathering]]
[2019.07.07-09.58.41:810][  0]LogConfig: Setting CVar [[r.DOF.Gather.RingCount:4                 ; medium number of samples when gathering]]
[2019.07.07-09.58.41:810][  0]LogConfig: Setting CVar [[r.DOF.Scatter.ForegroundCompositing:1    ; additive foreground scattering]]
[2019.07.07-09.58.41:810][  0]LogConfig: Setting CVar [[r.DOF.Scatter.BackgroundCompositing:2    ; additive background scattering]]
[2019.07.07-09.58.41:810][  0]LogConfig: Setting CVar [[r.DOF.Scatter.EnableBokehSettings:1      ; bokeh simulation when scattering]]
[2019.07.07-09.58.41:810][  0]LogConfig: Setting CVar [[r.DOF.Scatter.MaxSpriteRatio:0.1         ; only a maximum of 10% of scattered bokeh]]
[2019.07.07-09.58.41:810][  0]LogConfig: Setting CVar [[r.DOF.Recombine.Quality:1                ; cheap slight out of focus]]
[2019.07.07-09.58.41:810][  0]LogConfig: Setting CVar [[r.DOF.Recombine.EnableBokehSettings:0    ; no bokeh simulation on slight out of focus]]
[2019.07.07-09.58.41:810][  0]LogConfig: Setting CVar [[r.DOF.TemporalAAQuality:1                ; more stable temporal accumulation]]
[2019.07.07-09.58.41:810][  0]LogConfig: Setting CVar [[r.DOF.Kernel.MaxForegroundRadius:0.025]]
[2019.07.07-09.58.41:810][  0]LogConfig: Setting CVar [[r.DOF.Kernel.MaxBackgroundRadius:0.025]]
[2019.07.07-09.58.41:810][  0]LogConfig: Applying CVar settings from Section [TextureQuality@3] File [/home/helaly/Documents/Unreal Projects/EscapeRoom/Saved/Config/Linux/Scalability.ini]
[2019.07.07-09.58.41:810][  0]LogConfig: Setting CVar [[r.Streaming.MipBias:0]]
[2019.07.07-09.58.41:810][  0]LogConfig: Setting CVar [[r.Streaming.AmortizeCPUToGPUCopy:0]]
[2019.07.07-09.58.41:810][  0]LogConfig: Setting CVar [[r.Streaming.MaxNumTexturesToStreamPerFrame:0]]
[2019.07.07-09.58.41:810][  0]LogConfig: Setting CVar [[r.Streaming.Boost:1]]
[2019.07.07-09.58.41:810][  0]LogConfig: Setting CVar [[r.MaxAnisotropy:8]]
[2019.07.07-09.58.41:810][  0]LogConfig: Setting CVar [[r.Streaming.LimitPoolSizeToVRAM:0]]
[2019.07.07-09.58.41:811][  0]LogConfig: Setting CVar [[r.Streaming.PoolSize:1000]]
[2019.07.07-09.58.41:811][  0]LogConfig: Setting CVar [[r.Streaming.MaxEffectiveScreenSize:0]]
[2019.07.07-09.58.41:811][  0]LogConfig: Applying CVar settings from Section [EffectsQuality@3] File [/home/helaly/Documents/Unreal Projects/EscapeRoom/Saved/Config/Linux/Scalability.ini]
[2019.07.07-09.58.41:811][  0]LogConfig: Setting CVar [[r.TranslucencyLightingVolumeDim:64]]
[2019.07.07-09.58.41:811][  0]LogConfig: Setting CVar [[r.RefractionQuality:2]]
[2019.07.07-09.58.41:811][  0]LogConfig: Setting CVar [[r.SSR.Quality:3]]
[2019.07.07-09.58.41:811][  0]LogConfig: Setting CVar [[r.SceneColorFormat:4]]
[2019.07.07-09.58.41:811][  0]LogConfig: Setting CVar [[r.DetailMode:2]]
[2019.07.07-09.58.41:811][  0]LogConfig: Setting CVar [[r.TranslucencyVolumeBlur:1]]
[2019.07.07-09.58.41:811][  0]LogConfig: Setting CVar [[r.MaterialQualityLevel:1 ; High quality]]
[2019.07.07-09.58.41:811][  0]LogConfig: Setting CVar [[r.SSS.Scale:1]]
[2019.07.07-09.58.41:811][  0]LogConfig: Setting CVar [[r.SSS.SampleSet:2]]
[2019.07.07-09.58.41:811][  0]LogConfig: Setting CVar [[r.SSS.Quality:1]]
[2019.07.07-09.58.41:811][  0]LogConfig: Setting CVar [[r.SSS.HalfRes:1]]
[2019.07.07-09.58.41:811][  0]LogConfig: Setting CVar [[r.EmitterSpawnRateScale:1.0]]
[2019.07.07-09.58.41:811][  0]LogConfig: Setting CVar [[r.ParticleLightQuality:2]]
[2019.07.07-09.58.41:811][  0]LogConfig: Applying CVar settings from Section [FoliageQuality@3] File [/home/helaly/Documents/Unreal Projects/EscapeRoom/Saved/Config/Linux/Scalability.ini]
[2019.07.07-09.58.41:811][  0]LogConfig: Setting CVar [[foliage.DensityScale:1.0]]
[2019.07.07-09.58.41:811][  0]LogConfig: Setting CVar [[grass.DensityScale:1.0]]
[2019.07.07-09.58.41:811][  0]LogConfig: Applying CVar settings from Section [Startup] File [../../../Engine/Config/ConsoleVariables.ini]
[2019.07.07-09.58.41:811][  0]LogConfig: Setting CVar [[net.UseAdaptiveNetUpdateFrequency:0]]
[2019.07.07-09.58.41:811][  0]LogConfig: Setting CVar [[p.chaos.AllowCreatePhysxBodies:1]]
[2019.07.07-09.58.41:811][  0]LogConfig: Applying CVar settings from Section [ConsoleVariables] File [/home/helaly/Documents/Unreal Projects/EscapeRoom/Saved/Config/Linux/Engine.ini]
[2019.07.07-09.58.41:811][  0]LogConfig: Setting CVar [[g.TimeoutForBlockOnRenderFence:60000]]
[2019.07.07-09.58.41:811][  0]LogInit: Unix hardware info:
[2019.07.07-09.58.41:811][  0]LogInit:  - we are not the first instance of this executable
[2019.07.07-09.58.41:811][  0]LogInit:  - this process' id (pid) is 10195, parent process' id (ppid) is 9863
[2019.07.07-09.58.41:811][  0]LogInit:  - we are not running under debugger
[2019.07.07-09.58.41:811][  0]LogInit:  - machine network name is 'Station'
[2019.07.07-09.58.41:811][  0]LogInit:  - user name is 'helaly' (helaly)
[2019.07.07-09.58.41:811][  0]LogInit:  - we're logged in locally
[2019.07.07-09.58.41:811][  0]LogInit:  - we're running with rendering
[2019.07.07-09.58.41:811][  0]LogInit:  - CPU: GenuineIntel 'Intel(R) Core(TM) i7-4510U CPU @ 2.00GHz' (signature: 0x40651)
[2019.07.07-09.58.41:811][  0]LogInit:  - Number of physical cores available for the process: 2
[2019.07.07-09.58.41:811][  0]LogInit:  - Number of logical cores available for the process: 4
[2019.07.07-09.58.41:811][  0]LogInit:  - Cache line size: 64
[2019.07.07-09.58.41:811][  0]LogInit:  - Memory allocator used: binned2
[2019.07.07-09.58.41:811][  0]LogInit:  - This binary is optimized with LTO: no, PGO: no, instrumented for PGO data collection: no
[2019.07.07-09.58.41:811][  0]LogCore: Benchmarking clocks:
[2019.07.07-09.58.41:811][  0]LogCore:  - CLOCK_MONOTONIC (id=1) can sustain 47161367 (47161K, 47M) calls per second without zero deltas.
[2019.07.07-09.58.41:811][  0]LogCore:  - CLOCK_MONOTONIC_RAW (id=4) can sustain 1890011 (1890K, 2M) calls per second without zero deltas.
[2019.07.07-09.58.41:811][  0]LogCore:  - CLOCK_MONOTONIC_COARSE (id=6) can sustain 134021051 (134021K, 134M) calls per second with 99.999806% zero deltas.
[2019.07.07-09.58.41:811][  0]LogCore: Selected clock_id 1 (CLOCK_MONOTONIC) since it is the fastest support clock without zero deltas.
[2019.07.07-09.58.41:811][  0]LogInit: Unix-specific commandline switches:
[2019.07.07-09.58.41:811][  0]LogInit:  -ansimalloc - use malloc()/free() from libc (useful for tools like valgrind and electric fence)
[2019.07.07-09.58.41:811][  0]LogInit:  -jemalloc - use jemalloc for all memory allocation
[2019.07.07-09.58.41:811][  0]LogInit:  -binnedmalloc - use binned malloc  for all memory allocation
[2019.07.07-09.58.41:812][  0]LogInit:  -filemapcachesize=NUMBER - set the size for case-sensitive file mapping cache
[2019.07.07-09.58.41:812][  0]LogInit:  -useksm - uses kernel same-page mapping (KSM) for mapped memory (OFF)
[2019.07.07-09.58.41:812][  0]LogInit:  -ksmmergeall - marks all mmap'd memory pages suitable for KSM (OFF)
[2019.07.07-09.58.41:812][  0]LogInit:  -preloadmodulesymbols - Loads the main module symbols file into memory (OFF)
[2019.07.07-09.58.41:812][  0]LogInit:  -sigdfl=SIGNAL - Allows a specific signal to be set to its default handler rather then ignoring the signal
[2019.07.07-09.58.41:812][  0]LogInit:  -httpproxy=ADDRESS:PORT - redirects HTTP requests to a proxy (only supported if compiled with libcurl)
[2019.07.07-09.58.41:812][  0]LogInit:  -reuseconn - allow libcurl to reuse HTTP connections (only matters if compiled with libcurl)
[2019.07.07-09.58.41:812][  0]LogInit:  -virtmemkb=NUMBER - sets process virtual memory (address space) limit (overrides VirtualMemoryLimitInKB value from .ini)
[2019.07.07-09.58.41:812][  0]LogInit:  - Physical RAM available (not considering process quota): 8 GB (7881 MB, 8070236 KB, 8263921664 bytes)
[2019.07.07-09.58.41:812][  0]LogInit:  - VirtualMemoryAllocator pools will grow at scale 1.4
[2019.07.07-09.58.41:812][  0]LogInit:  - MemoryRangeDecommit() will be a no-op (re-run with -vmapoolevict to change)
[2019.07.07-09.58.42:070][  0]LogInit: Using OS detected language (en-US).
[2019.07.07-09.58.42:070][  0]LogInit: Using OS detected locale (en-US).
[2019.07.07-09.58.42:071][  0]LogTextLocalizationManager: No specific localization for 'en-US' exists, so the 'en' localization will be used.
[2019.07.07-09.58.43:110][  0]LogSlate: New Slate User Created.  User Index 0, Is Virtual User: 0
[2019.07.07-09.58.43:110][  0]LogSlate: Slate User Registered.  User Index 0, Is Virtual User: 0
[2019.07.07-09.58.43:941][  0]LogInit: Using SDL_WINDOW_VULKAN
[2019.07.07-09.58.43:950][  0]LogVulkanRHI: Display: - Found instance extension VK_EXT_acquire_xlib_display
[2019.07.07-09.58.43:951][  0]LogVulkanRHI: Display: - Found instance extension VK_EXT_debug_report
[2019.07.07-09.58.43:951][  0]LogVulkanRHI: Display: - Found instance extension VK_EXT_debug_utils
[2019.07.07-09.58.43:951][  0]LogVulkanRHI: Display: - Found instance extension VK_EXT_direct_mode_display
[2019.07.07-09.58.43:951][  0]LogVulkanRHI: Display: - Found instance extension VK_EXT_display_surface_counter
[2019.07.07-09.58.43:951][  0]LogVulkanRHI: Display: - Found instance extension VK_KHR_display
[2019.07.07-09.58.43:951][  0]LogVulkanRHI: Display: - Found instance extension VK_KHR_external_fence_capabilities
[2019.07.07-09.58.43:951][  0]LogVulkanRHI: Display: - Found instance extension VK_KHR_external_memory_capabilities
[2019.07.07-09.58.43:951][  0]LogVulkanRHI: Display: - Found instance extension VK_KHR_external_semaphore_capabilities
[2019.07.07-09.58.43:951][  0]LogVulkanRHI: Display: - Found instance extension VK_KHR_get_physical_device_properties2
[2019.07.07-09.58.43:951][  0]LogVulkanRHI: Display: - Found instance extension VK_KHR_get_surface_capabilities2
[2019.07.07-09.58.43:951][  0]LogVulkanRHI: Display: - Found instance extension VK_KHR_surface
[2019.07.07-09.58.43:951][  0]LogVulkanRHI: Display: - Found instance extension VK_KHR_xcb_surface
[2019.07.07-09.58.43:951][  0]LogVulkanRHI: Display: - Found instance extension VK_KHR_xlib_surface
[2019.07.07-09.58.43:951][  0]LogHMD: Failed to initialize OpenVR with code 110
[2019.07.07-09.58.43:951][  0]LogVulkanRHI: Display: Not using instance layers
[2019.07.07-09.58.43:951][  0]LogVulkanRHI: Display: Using instance extensions
[2019.07.07-09.58.43:951][  0]LogVulkanRHI: Display: * VK_KHR_surface
[2019.07.07-09.58.43:951][  0]LogVulkanRHI: Display: * VK_KHR_xlib_surface
[2019.07.07-09.58.43:952][  0]LogVulkanRHI: Display: Found 1 device(s)
[2019.07.07-09.58.43:952][  0]LogVulkanRHI: Display: Device 0: GeForce 840M
[2019.07.07-09.58.43:952][  0]LogVulkanRHI: Display: - API 1.0.65(0x400041) Driver 0x619d0000 VendorId 0x10de
[2019.07.07-09.58.43:952][  0]LogVulkanRHI: Display: - DeviceID 0x1341 Type Discrete GPU
[2019.07.07-09.58.43:952][  0]LogVulkanRHI: Display: - Max Descriptor Sets Bound 8 Timestamps 1
[2019.07.07-09.58.43:952][  0]LogVulkanRHI: Display: Using Device 0: Geometry 1 Tessellation 1
[2019.07.07-09.58.43:952][  0]LogVulkanRHI: Display: - Found device extension VK_EXT_blend_operation_advanced
[2019.07.07-09.58.43:952][  0]LogVulkanRHI: Display: - Found device extension VK_EXT_depth_range_unrestricted
[2019.07.07-09.58.43:952][  0]LogVulkanRHI: Display: - Found device extension VK_EXT_discard_rectangles
[2019.07.07-09.58.43:952][  0]LogVulkanRHI: Display: - Found device extension VK_EXT_display_control
[2019.07.07-09.58.43:952][  0]LogVulkanRHI: Display: - Found device extension VK_EXT_shader_subgroup_ballot
[2019.07.07-09.58.43:952][  0]LogVulkanRHI: Display: - Found device extension VK_EXT_shader_subgroup_vote
[2019.07.07-09.58.43:952][  0]LogVulkanRHI: Display: - Found device extension VK_KHR_16bit_storage
[2019.07.07-09.58.43:952][  0]LogVulkanRHI: Display: - Found device extension VK_KHR_bind_memory2
[2019.07.07-09.58.43:952][  0]LogVulkanRHI: Display: - Found device extension VK_KHR_dedicated_allocation
[2019.07.07-09.58.43:952][  0]LogVulkanRHI: Display: - Found device extension VK_KHR_descriptor_update_template
[2019.07.07-09.58.43:952][  0]LogVulkanRHI: Display: - Found device extension VK_KHR_external_fence
[2019.07.07-09.58.43:952][  0]LogVulkanRHI: Display: - Found device extension VK_KHR_external_fence_fd
[2019.07.07-09.58.43:952][  0]LogVulkanRHI: Display: - Found device extension VK_KHR_external_memory
[2019.07.07-09.58.43:952][  0]LogVulkanRHI: Display: - Found device extension VK_KHR_external_memory_fd
[2019.07.07-09.58.43:952][  0]LogVulkanRHI: Display: - Found device extension VK_KHR_external_semaphore
[2019.07.07-09.58.43:952][  0]LogVulkanRHI: Display: - Found device extension VK_KHR_external_semaphore_fd
[2019.07.07-09.58.43:952][  0]LogVulkanRHI: Display: - Found device extension VK_KHR_get_memory_requirements2
[2019.07.07-09.58.43:952][  0]LogVulkanRHI: Display: - Found device extension VK_KHR_image_format_list
[2019.07.07-09.58.43:952][  0]LogVulkanRHI: Display: - Found device extension VK_KHR_maintenance1
[2019.07.07-09.58.43:952][  0]LogVulkanRHI: Display: - Found device extension VK_KHR_maintenance2
[2019.07.07-09.58.43:952][  0]LogVulkanRHI: Display: - Found device extension VK_KHR_push_descriptor
[2019.07.07-09.58.43:952][  0]LogVulkanRHI: Display: - Found device extension VK_KHR_relaxed_block_layout
[2019.07.07-09.58.43:952][  0]LogVulkanRHI: Display: - Found device extension VK_KHR_sampler_mirror_clamp_to_edge
[2019.07.07-09.58.43:952][  0]LogVulkanRHI: Display: - Found device extension VK_KHR_sampler_ycbcr_conversion
[2019.07.07-09.58.43:952][  0]LogVulkanRHI: Display: - Found device extension VK_KHR_shader_draw_parameters
[2019.07.07-09.58.43:952][  0]LogVulkanRHI: Display: - Found device extension VK_KHR_storage_buffer_storage_class
[2019.07.07-09.58.43:952][  0]LogVulkanRHI: Display: - Found device extension VK_KHR_swapchain
[2019.07.07-09.58.43:953][  0]LogVulkanRHI: Display: - Found device extension VK_KHR_variable_pointers
[2019.07.07-09.58.43:953][  0]LogVulkanRHI: Display: - Found device extension VK_KHX_device_group
[2019.07.07-09.58.43:953][  0]LogVulkanRHI: Display: - Found device extension VK_KHX_multiview
[2019.07.07-09.58.43:953][  0]LogVulkanRHI: Display: - Found device extension VK_NV_dedicated_allocation
[2019.07.07-09.58.43:953][  0]LogVulkanRHI: Display: - Found device extension VK_NV_glsl_shader
[2019.07.07-09.58.43:953][  0]LogVulkanRHI: Display: - Found device extension VK_NVX_device_generated_commands
[2019.07.07-09.58.43:953][  0]LogVulkanRHI: Display: - Found device extension VK_NVX_multiview_per_view_attributes
[2019.07.07-09.58.43:953][  0]LogVulkanRHI: Display: Using device extensions
[2019.07.07-09.58.43:953][  0]LogVulkanRHI: Display: * VK_KHR_swapchain
[2019.07.07-09.58.43:953][  0]LogVulkanRHI: Display: * VK_KHR_maintenance1
[2019.07.07-09.58.43:953][  0]LogVulkanRHI: Display: * VK_KHR_maintenance2
[2019.07.07-09.58.43:953][  0]LogVulkanRHI: Display: Found 2 Queue Families
[2019.07.07-09.58.43:953][  0]LogVulkanRHI: Display: Initializing Queue Family 0: 16 queues Gfx Compute Xfer Sparse
[2019.07.07-09.58.43:953][  0]LogVulkanRHI: Display: Initializing Queue Family 1: 1 queues Xfer
[2019.07.07-09.58.44:187][  0]LogVulkanRHI: Display: 2 Device Memory Heaps; Max memory allocations -1
[2019.07.07-09.58.44:187][  0]LogVulkanRHI: Display: 0: Flags 0x1 Size 2147483648 (2048.00 MB) GPU
[2019.07.07-09.58.44:188][  0]LogVulkanRHI: Display: 1: Flags 0x0 Size 6197941248 (5910.82 MB) 
[2019.07.07-09.58.44:188][  0]LogVulkanRHI: Display: 11 Device Memory Types (Not unified)
[2019.07.07-09.58.44:188][  0]LogVulkanRHI: Display: 0: Flags 0x0 Heap 1 
[2019.07.07-09.58.44:188][  0]LogVulkanRHI: Display: 1: Flags 0x0 Heap 1 
[2019.07.07-09.58.44:188][  0]LogVulkanRHI: Display: 2: Flags 0x0 Heap 1 
[2019.07.07-09.58.44:188][  0]LogVulkanRHI: Display: 3: Flags 0x0 Heap 1 
[2019.07.07-09.58.44:188][  0]LogVulkanRHI: Display: 4: Flags 0x0 Heap 1 
[2019.07.07-09.58.44:188][  0]LogVulkanRHI: Display: 5: Flags 0x0 Heap 1 
[2019.07.07-09.58.44:188][  0]LogVulkanRHI: Display: 6: Flags 0x0 Heap 1 
[2019.07.07-09.58.44:188][  0]LogVulkanRHI: Display: 7: Flags 0x1 Heap 0  Local
[2019.07.07-09.58.44:188][  0]LogVulkanRHI: Display: 8: Flags 0x1 Heap 0  Local
[2019.07.07-09.58.44:188][  0]LogVulkanRHI: Display: 9: Flags 0x6 Heap 1  HostVisible HostCoherent
[2019.07.07-09.58.44:188][  0]LogVulkanRHI: Display: 10: Flags 0xe Heap 1  HostVisible HostCoherent HostCached
[2019.07.07-09.58.44:209][  0]LogVulkanRHI: Display: FVulkanPipelineStateCacheManager: Binary pipeline cache '../../../../../Documents/Unreal Projects/EscapeRoom/Saved/VulkanPSO.cache.10de.1341' not found.
[2019.07.07-09.58.44:473][  0]LogVulkanRHI: Display: Nvidia User Driver Version = 390.116
[2019.07.07-09.58.44:490][  0]LogRendererCore: FGlobalReadBuffer::InitRHI
[2019.07.07-09.58.44:490][  0]LogRendererCore: FGlobalReadBuffer::InitRHI
[2019.07.07-09.58.44:490][  0]LogRendererCore: FGlobalReadBuffer::InitRHI
[2019.07.07-09.58.44:492][  0]LogRHI: Texture pool is 1361 MB (70% of 1945 MB)
[2019.07.07-09.58.45:296][  0]LogTemp: Display: Module 'AllDesktopTargetPlatform' loaded TargetPlatform 'AllDesktop'
[2019.07.07-09.58.45:502][  0]LogTemp: Display: Module 'LinuxClientTargetPlatform' loaded TargetPlatform 'LinuxClient'
[2019.07.07-09.58.45:711][  0]LogTemp: Display: Module 'LinuxNoEditorTargetPlatform' loaded TargetPlatform 'LinuxNoEditor'
[2019.07.07-09.58.45:918][  0]LogTemp: Display: Module 'LinuxServerTargetPlatform' loaded TargetPlatform 'LinuxServer'
[2019.07.07-09.58.46:117][  0]LogTemp: Display: Module 'LinuxTargetPlatform' loaded TargetPlatform 'Linux'
[2019.07.07-09.58.46:369][  0]LogTemp: Display: Module 'AndroidTargetPlatform' loaded TargetPlatform 'Android'
[2019.07.07-09.58.46:369][  0]LogTemp: Display: Module 'AndroidTargetPlatform' loaded TargetPlatform 'Android_ASTC'
[2019.07.07-09.58.46:369][  0]LogTemp: Display: Module 'AndroidTargetPlatform' loaded TargetPlatform 'Android_ATC'
[2019.07.07-09.58.46:369][  0]LogTemp: Display: Module 'AndroidTargetPlatform' loaded TargetPlatform 'Android_DXT'
[2019.07.07-09.58.46:369][  0]LogTemp: Display: Module 'AndroidTargetPlatform' loaded TargetPlatform 'Android_ETC1'
[2019.07.07-09.58.46:369][  0]LogTemp: Display: Module 'AndroidTargetPlatform' loaded TargetPlatform 'Android_ETC1a'
[2019.07.07-09.58.46:369][  0]LogTemp: Display: Module 'AndroidTargetPlatform' loaded TargetPlatform 'Android_ETC2'
[2019.07.07-09.58.46:369][  0]LogTemp: Display: Module 'AndroidTargetPlatform' loaded TargetPlatform 'Android_PVRTC'
[2019.07.07-09.58.46:369][  0]LogTemp: Display: Module 'AndroidTargetPlatform' loaded TargetPlatform 'AndroidClient'
[2019.07.07-09.58.46:369][  0]LogTemp: Display: Module 'AndroidTargetPlatform' loaded TargetPlatform 'Android_ASTCClient'
[2019.07.07-09.58.46:369][  0]LogTemp: Display: Module 'AndroidTargetPlatform' loaded TargetPlatform 'Android_ATCClient'
[2019.07.07-09.58.46:369][  0]LogTemp: Display: Module 'AndroidTargetPlatform' loaded TargetPlatform 'Android_DXTClient'
[2019.07.07-09.58.46:369][  0]LogTemp: Display: Module 'AndroidTargetPlatform' loaded TargetPlatform 'Android_ETC1Client'
[2019.07.07-09.58.46:369][  0]LogTemp: Display: Module 'AndroidTargetPlatform' loaded TargetPlatform 'Android_ETC1aClient'
[2019.07.07-09.58.46:369][  0]LogTemp: Display: Module 'AndroidTargetPlatform' loaded TargetPlatform 'Android_ETC2Client'
[2019.07.07-09.58.46:369][  0]LogTemp: Display: Module 'AndroidTargetPlatform' loaded TargetPlatform 'Android_PVRTCClient'
[2019.07.07-09.58.46:369][  0]LogTemp: Display: Module 'AndroidTargetPlatform' loaded TargetPlatform 'Android_Multi'
[2019.07.07-09.58.46:370][  0]LogTemp: Display: Module 'AndroidTargetPlatform' loaded TargetPlatform 'Android_MultiClient'
[2019.07.07-09.58.46:565][  0]LogTemp: Display: Module 'HTML5TargetPlatform' loaded TargetPlatform 'HTML5'
[2019.07.07-09.58.46:574][  0]LogTargetPlatformManager: Display: Building Assets For Linux
[2019.07.07-09.58.47:120][  0]LogShaderCompilers: Guid format shader working directory is 14 characters bigger than the processId version (../../../../../Documents/Unreal Projects/EscapeRoom/Intermediate/Shaders/WorkingDirectory/10195/).
[2019.07.07-09.58.47:120][  0]LogShaderCompilers: Cleaned the shader compiler working directory '../../../../../Documents/Unreal Projects/EscapeRoom/Intermediate/Shaders/tmp/0005A4C808D702D277B8B8A843E98679/'.
[2019.07.07-09.58.47:120][  0]LogShaderCompilers: Display: Using Local Shader Compiler.
[2019.07.07-09.58.48:374][  0]LogDerivedDataCache: Display: Max Cache Size: 512 MB
[2019.07.07-09.58.49:682][  0]LogDerivedDataCache: Loaded boot cache 1.29s 95MB ../../../../../Documents/Unreal Projects/EscapeRoom/DerivedDataCache/Boot.ddc.
[2019.07.07-09.58.49:682][  0]LogDerivedDataCache: Display: Loaded Boot cache: ../../../../../Documents/Unreal Projects/EscapeRoom/DerivedDataCache/Boot.ddc
[2019.07.07-09.58.49:682][  0]LogDerivedDataCache: FDerivedDataBackendGraph:  Pak pak cache file ../../../../../Documents/Unreal Projects/EscapeRoom/DerivedDataCache/DDC.ddp not found, will not use a pak cache.
[2019.07.07-09.58.49:682][  0]LogDerivedDataCache: Unable to find inner node Pak for hierarchical cache Hierarchy.
[2019.07.07-09.58.49:683][  0]LogDerivedDataCache: FDerivedDataBackendGraph:  EnginePak pak cache file ../../../Engine/DerivedDataCache/DDC.ddp not found, will not use a pak cache.
[2019.07.07-09.58.49:683][  0]LogDerivedDataCache: Unable to find inner node EnginePak for hierarchical cache Hierarchy.
[2019.07.07-09.58.49:683][  0]LogDerivedDataCache: Using Local data cache path ../../../Engine/DerivedDataCache: Writable
[2019.07.07-09.58.49:683][  0]LogDerivedDataCache: Shared data cache path not found in *engine.ini, will not use an Shared cache.
[2019.07.07-09.58.49:683][  0]LogDerivedDataCache: Unable to find inner node Shared for hierarchical cache Hierarchy.
[2019.07.07-09.58.49:735][  0]LogMaterial: Verifying Global Shaders for SF_VULKAN_SM5_NOUB
[2019.07.07-09.58.49:747][  0]LogSlate: Using FreeType 2.6.0
[2019.07.07-09.58.49:747][  0]LogSlate: SlateFontServices - WITH_FREETYPE: 1, WITH_HARFBUZZ: 0
[2019.07.07-09.58.49:861][  0]LogAssetRegistry: FAssetRegistry took 0.0034 seconds to start up
[2019.07.07-09.58.50:240][  0]LogLinux: Selected Device Profile: [Linux]
[2019.07.07-09.58.51:099][  0]LogMeshReduction: Using QuadricMeshReduction for automatic static mesh reduction
[2019.07.07-09.58.51:099][  0]LogMeshReduction: Using SimplygonMeshReduction for automatic skeletal mesh reduction
[2019.07.07-09.58.51:099][  0]LogMeshReduction: No automatic mesh merging module available
[2019.07.07-09.58.51:099][  0]LogMeshReduction: No distributed automatic mesh merging module available
[2019.07.07-09.58.51:099][  0]LogMeshMerging: No automatic mesh merging module available
[2019.07.07-09.58.51:099][  0]LogMeshMerging: No distributed automatic mesh merging module available
[2019.07.07-09.58.51:120][  0]LogNetVersion: EscapeRoom 1.0.0, NetCL: 0, EngineNetVer: 10, GameNetVer: 0 (Checksum: 3367798178)
[2019.07.07-09.58.51:683][  0]LogPackageLocalizationCache: Processed 10 localized package path(s) for 1 prioritized culture(s) in 0.045956 seconds
[2019.07.07-09.58.51:690][  0]LogUObjectArray: 41532 objects as part of root set at end of initial load.
[2019.07.07-09.58.51:690][  0]LogUObjectAllocator: 7197144 out of 0 bytes used by permanent object pool.
[2019.07.07-09.58.51:691][  0]LogUObjectArray: CloseDisregardForGC: 0/0 objects in disregard for GC pool
[2019.07.07-09.58.51:964][  0]LogHAL: Linux SourceCodeAccessSettings: NullSourceCodeAccessor
[2019.07.07-09.58.58:607][  0]LogTcpMessaging: Initializing TcpMessaging bridge
[2019.07.07-09.58.58:611][  0]LogUdpMessaging: Initializing bridge on interface 0.0.0.0:0 to multicast group 230.0.0.1:6666.
[2019.07.07-09.59.04:471][  0]SourceControl: Source control is disabled
[2019.07.07-09.59.04:471][  0]SourceControl: Source control is disabled
[2019.07.07-09.59.04:656][  0]SourceControl: Source control is disabled
[2019.07.07-09.59.04:834][  0]SourceControl: Source control is disabled
[2019.07.07-09.59.06:946][  0]LogAndroidPermission: UAndroidPermissionCallbackProxy::GetInstance
[2019.07.07-09.59.09:308][  0]LogEngine: Initializing Engine...
[2019.07.07-09.59.09:309][  0]LogHMD: Failed to initialize OpenVR with code 110
[2019.07.07-09.59.09:310][  0]LogStats: UGameplayTagsManager::InitializeManager -  0.000 s
[2019.07.07-09.59.09:661][  0]LogInit: Initializing FReadOnlyCVARCache
[2019.07.07-09.59.10:294][  0]LogAIModule: Creating AISystem for world Untitled
[2019.07.07-09.59.10:308][  0]LogAudioMixer: Display: Audio Mixer Platform Settings:
[2019.07.07-09.59.10:308][  0]LogAudioMixer: Display: 	Sample Rate:						  48000
[2019.07.07-09.59.10:308][  0]LogAudioMixer: Display: 	Callback Buffer Frame Size Requested: 1024
[2019.07.07-09.59.10:308][  0]LogAudioMixer: Display: 	Callback Buffer Frame Size To Use:	  1024
[2019.07.07-09.59.10:308][  0]LogAudioMixer: Display: 	Number of buffers to queue:			  2
[2019.07.07-09.59.10:308][  0]LogAudioMixer: Display: 	Max Channels (voices):				  0
[2019.07.07-09.59.10:308][  0]LogAudioMixer: Display: 	Number of Async Source Workers:		  0
[2019.07.07-09.59.10:309][  0]LogAudioMixer: Display: Initializing audio mixer.
[2019.07.07-09.59.10:317][  0]LogAudioMixerSDL: Display: Initialized SDL using pulseaudio platform API backend.
[2019.07.07-09.59.10:498][  0]LogInit: FAudioDevice initialized.
[2019.07.07-09.59.10:499][  0]LogNetVersion: Set ProjectVersion to 1.0.0.0. Version Checksum will be recalculated on next use.
[2019.07.07-09.59.10:575][  0]LogDerivedDataCache: Saved boot cache 0.08s 95MB ../../../../../Documents/Unreal Projects/EscapeRoom/DerivedDataCache/Boot.ddc.
[2019.07.07-09.59.10:736][  0]LogInit: Texture streaming: Enabled
[2019.07.07-09.59.11:886][  0]LogEngineSessionManager: EngineSessionManager initialized
[2019.07.07-09.59.15:514][  0]LogMaterial: Verifying Global Shaders for SF_VULKAN_SM4_NOUB
[2019.07.07-09.59.15:515][  0]LogInit: Transaction tracking system initialized
[2019.07.07-09.59.16:588][  0]BlueprintLog: New page: Editor Load
[2019.07.07-09.59.19:933][  0]LocalizationService: Localization service is disabled
[2019.07.07-09.59.22:502][  0]LogFileCache: Scanning file cache for directory '/home/helaly/Documents/Unreal Projects/EscapeRoom/Content/' took 0.02s
[2019.07.07-09.59.22:502][  0]LogCook: Display: Max memory allowance for cook 16384mb min free memory 0mb
[2019.07.07-09.59.22:502][  0]LogCook: Display: Mobile HDR setting 1
[2019.07.07-09.59.27:209][  0]SourceControl: Source control is disabled
[2019.07.07-09.59.27:209][  0]Cmd: MAP LOAD FILE="../../../../../Documents/Unreal Projects/EscapeRoom/Content/NewMap.umap" TEMPLATE=0 SHOWPROGRESS=1 FEATURELEVEL=3
[2019.07.07-09.59.27:219][  0]LightingResults: New page: Lighting Build
[2019.07.07-09.59.27:357][  0]MapCheck: New page: Map Check
[2019.07.07-09.59.27:357][  0]LightingResults: New page: Lighting Build
[2019.07.07-09.59.27:380][  0]LogUObjectHash: Compacting FUObjectHashTables data took   3.27ms
[2019.07.07-09.59.29:842][  0]LogAIModule: Creating AISystem for world NewMap
[2019.07.07-09.59.29:865][  0]LogEditorServer: Finished looking for orphan Actors (0.000 secs)
[2019.07.07-09.59.29:968][  0]LogUObjectHash: Compacting FUObjectHashTables data took   4.00ms
[2019.07.07-09.59.29:979][  0]Cmd: MAP CHECKDEP NOCLEARLOG
[2019.07.07-09.59.29:979][  0]MapCheck: Map check complete: 0 Error(s), 0 Warning(s), took 0.118ms to complete.
[2019.07.07-09.59.29:979][  0]LogFileHelpers: Loading map 'NewMap' took 2.770
[2019.07.07-09.59.29:993][  0]LogLinux: Scale at X=63.000000, Y=27.000000: 1.000000 (monitor=#0, HDPI=96.000000 (horz scale: 1.000000), VDPI=96.000000 (vert scale: 1.000000))
[2019.07.07-09.59.29:993][  0]LogLinux: Scale at X=714.500000, Y=397.500000: 1.000000 (monitor=#0, HDPI=96.000000 (horz scale: 1.000000), VDPI=96.000000 (vert scale: 1.000000))
[2019.07.07-09.59.30:017][  0]LogLinux: Scale at X=63.000000, Y=27.000000: 1.000000 (monitor=#0, HDPI=96.000000 (horz scale: 1.000000), VDPI=96.000000 (vert scale: 1.000000))
[2019.07.07-09.59.30:036][  0]LogWorld: Changing Feature Level (Enum) from 3 to 2
[2019.07.07-09.59.30:372][  0]LogSlate: Updating window title bar state: overlay mode, drag disabled, window buttons hidden, title bar hidden
[2019.07.07-09.59.30:408][  0]LogSlate: Updating window title bar state: overlay mode, drag disabled, window buttons hidden, title bar hidden
[2019.07.07-09.59.30:417][  0]LogSlate: Updating window title bar state: overlay mode, drag disabled, window buttons hidden, title bar hidden
[2019.07.07-09.59.30:426][  0]LogSlate: Updating window title bar state: overlay mode, drag disabled, window buttons hidden, title bar hidden
[2019.07.07-09.59.30:916][  0]LogVulkanRHI: Display: Requested PixelFormat 18 not supported by this swapchain! Falling back to supported swapchain format...
[2019.07.07-09.59.30:916][  0]LogVulkanRHI: Display: Queue Family 0: Supports Present
[2019.07.07-09.59.30:916][  0]LogVulkanRHI: Display: Queue Family 0: Supports Present
[2019.07.07-09.59.30:916][  0]LogVulkanRHI: Display: Found 3 Surface present modes:
[2019.07.07-09.59.30:916][  0]LogVulkanRHI: Display: - VK_PRESENT_MODE_FIFO_KHR (2)
[2019.07.07-09.59.30:916][  0]LogVulkanRHI: Display: - VK_PRESENT_MODE_FIFO_RELAXED_KHR (3)
[2019.07.07-09.59.30:916][  0]LogVulkanRHI: Display: - VK_PRESENT_MODE_IMMEDIATE_KHR (0)
[2019.07.07-09.59.30:916][  0]LogVulkanRHI: Display: Selected VkPresentModeKHR mode 2
[2019.07.07-09.59.31:086][  0]LogLoad: (Engine Initialization) Total time: 53.69 seconds
[2019.07.07-09.59.31:086][  0]LogLoad: (Engine Initialization) Total Blueprint compile time: 0.00 seconds
[2019.07.07-09.59.31:097][  0]LogSlate: Took 0.000092 seconds to synchronously load lazily loaded font '../../../Engine/Content/Slate/Fonts/Roboto-Regular.ttf' (155K)
[2019.07.07-09.59.31:106][  0]LogSlate: Took 0.000091 seconds to synchronously load lazily loaded font '../../../Engine/Content/Slate/Fonts/Roboto-Bold.ttf' (160K)
[2019.07.07-09.59.31:145][  0]LogSlate: Took 0.028447 seconds to synchronously load lazily loaded font '../../../Engine/Content/Editor/Slate/Fonts/FontAwesome.ttf' (139K)
[2019.07.07-09.59.31:162][  0]LogSlate: Took 0.015932 seconds to synchronously load lazily loaded font '../../../Engine/Content/Slate/Fonts/DroidSansMono.ttf' (77K)
[2019.07.07-09.59.31:508][  0]LogRenderer: Reallocating scene render targets to support 812x488 Format 10 NumSamples 1 (Frame:1).
[2019.07.07-09.59.31:508][  0]LogInit: Adding external input plugin.
[2019.07.07-09.59.31:531][  0]LogAssetRegistry: Asset discovery search completed in 41.6707 seconds
[2019.07.07-09.59.31:552][  0]LogCollectionManager: Loaded 0 collections in 0.013904 seconds
[2019.07.07-09.59.31:553][  0]LogFileCache: Scanning file cache for directory '/home/helaly/Documents/Unreal Projects/EscapeRoom/Saved/Collections/' took 0.00s
[2019.07.07-09.59.31:554][  0]LogFileCache: Scanning file cache for directory '/home/helaly/Documents/Unreal Projects/EscapeRoom/Content/Developers/helaly/Collections/' took 0.00s
[2019.07.07-09.59.31:554][  0]LogFileCache: Scanning file cache for directory '/home/helaly/Documents/Unreal Projects/EscapeRoom/Content/Collections/' took 0.00s
[2019.07.07-09.59.31:554][  0]LogCollectionManager: Rebuilt the object cache for 0 collections in 0.000000 seconds (found 0 objects)
[2019.07.07-09.59.31:555][  0]LogCollectionManager: Fixed up redirectors for 0 collections in 0.001180 seconds (updated 0 objects)
[2019.07.07-09.59.31:556][  0]LogContentStreaming: Texture pool size now 1000 MB
[2019.07.07-09.59.40:404][343]LogLinux: Scale at X=683.000000, Y=384.000000: 1.000000 (monitor=#0, HDPI=96.000000 (horz scale: 1.000000), VDPI=96.000000 (vert scale: 1.000000))
[2019.07.07-09.59.41:915][396]LogLinux: Scale at X=188.500000, Y=381.200012: 1.000000 (monitor=#0, HDPI=96.000000 (horz scale: 1.000000), VDPI=96.000000 (vert scale: 1.000000))
[2019.07.07-09.59.41:985][396]LogSlate: FSceneViewport::OnFocusLost() reason 0
[2019.07.07-09.59.42:971][434]LogLinux: Scale at X=386.500000, Y=513.000000: 1.000000 (monitor=#0, HDPI=96.000000 (horz scale: 1.000000), VDPI=96.000000 (vert scale: 1.000000))
[2019.07.07-09.59.43:322][442]LogLinux: Scale at X=237.500000, Y=342.500000: 1.000000 (monitor=#0, HDPI=96.000000 (horz scale: 1.000000), VDPI=96.000000 (vert scale: 1.000000))
[2019.07.07-09.59.43:372][442]LogSlate: FSceneViewport::OnFocusLost() reason 2
[2019.07.07-09.59.43:611][456]LogLinux: Scale at X=302.500000, Y=228.000000: 1.000000 (monitor=#0, HDPI=96.000000 (horz scale: 1.000000), VDPI=96.000000 (vert scale: 1.000000))
[2019.07.07-09.59.43:657][456]LogSlate: FSceneViewport::OnFocusLost() reason 2
[2019.07.07-09.59.44:462][504]LogLinux: Scale at X=237.500000, Y=342.500000: 1.000000 (monitor=#0, HDPI=96.000000 (horz scale: 1.000000), VDPI=96.000000 (vert scale: 1.000000))
[2019.07.07-09.59.44:510][504]LogSlate: FSceneViewport::OnFocusLost() reason 2
[2019.07.07-09.59.44:779][520]LogLinux: Scale at X=302.500000, Y=228.000000: 1.000000 (monitor=#0, HDPI=96.000000 (horz scale: 1.000000), VDPI=96.000000 (vert scale: 1.000000))
[2019.07.07-09.59.44:825][520]LogSlate: FSceneViewport::OnFocusLost() reason 2
[2019.07.07-09.59.46:023][584]LogLinux: Scale at X=63.000000, Y=27.000000: 1.000000 (monitor=#0, HDPI=96.000000 (horz scale: 1.000000), VDPI=96.000000 (vert scale: 1.000000))
[2019.07.07-09.59.46:029][584]LogLinux: Scale at X=719.500000, Y=402.500000: 1.000000 (monitor=#0, HDPI=96.000000 (horz scale: 1.000000), VDPI=96.000000 (vert scale: 1.000000))
[2019.07.07-09.59.47:746][584]LogSlate: FSceneViewport::OnFocusLost() reason 2
[2019.07.07-10.00.01:497][ 46]LogLinux: Scale at X=784.000000, Y=540.299988: 1.000000 (monitor=#0, HDPI=96.000000 (horz scale: 1.000000), VDPI=96.000000 (vert scale: 1.000000))
[2019.07.07-10.00.39:122][949]LogLinux: Scale at X=784.000000, Y=540.299988: 1.000000 (monitor=#0, HDPI=96.000000 (horz scale: 1.000000), VDPI=96.000000 (vert scale: 1.000000))
[2019.07.07-10.00.41:158][ 51]LogHttp: Warning: 0x7fa651e827c0: request failed, libcurl error: 6 (Couldn't resolve host name)
[2019.07.07-10.00.41:159][ 51]LogHttp: Warning: 0x7fa651e827c0: libcurl info message cache 0 (Could not resolve host: datarouter.ol.epicgames.com)
[2019.07.07-10.00.41:159][ 51]LogHttp: Warning: 0x7fa651e827c0: libcurl info message cache 1 (Closing connection 0)
[2019.07.07-10.00.41:174][ 52]LogHttp: Warning: Retry exhausted on https://datarouter.ol.epicgames.com/datarouter/api/v1/public/data?SessionID=%7B05F1DDFD-08D7-02D2-85D0-0C7A4552420D%7D&AppID=UEEditor.UnrealEngine.Release&AppVersion=4.22.3-0%2B%2B%2BUE4%2BRelease-4.22&UserID=2aaa52f4a174461192232b2f68fc285d-000003e8%7C%7C2aaa52f4a174461192232b2f68fc285d&AppEnvironment=datacollector-source&UploadType=eteventstream
[2019.07.07-10.00.59:607][946]LogLinux: Scale at X=63.000000, Y=27.000000: 1.000000 (monitor=#0, HDPI=96.000000 (horz scale: 1.000000), VDPI=96.000000 (vert scale: 1.000000))
[2019.07.07-10.00.59:607][946]LogSlate: Window 'Project Settings' being destroyed
[2019.07.07-10.00.59:658][946]LogSlate: Window 'Project Settings' being destroyed
[2019.07.07-10.01.01:117][  0]LogSlate: FSceneViewport::OnFocusLost() reason 0
[2019.07.07-10.01.01:193][  6]LogTemp: Repeating last play command: Selected Viewport
[2019.07.07-10.01.01:205][  6]LogBlueprintUserMessages: Early PlayInEditor Detection: Level '/Game/NewMap.NewMap:PersistentLevel' has LevelScriptBlueprint '/Game/NewMap.NewMap:PersistentLevel.NewMap' with GeneratedClass '/Game/NewMap.NewMap_C' with ClassGeneratedBy '/Game/NewMap.NewMap:PersistentLevel.NewMap'
[2019.07.07-10.01.01:205][  6]LogPlayLevel: PlayLevel: No blueprints needed recompiling
[2019.07.07-10.01.01:206][  6]PIE: New page: PIE session: NewMap (Jul 7, 2019, 2:01:01 PM)
[2019.07.07-10.01.01:207][  6]LogPlayLevel: Creating play world package: /Game/UEDPIE_0_NewMap
[2019.07.07-10.01.01:214][  6]LogPlayLevel: PIE: StaticDuplicateObject took: (0.006556s)
[2019.07.07-10.01.01:215][  6]LogAIModule: Creating AISystem for world NewMap
[2019.07.07-10.01.01:216][  6]LogPlayLevel: PIE: World Init took: (0.001108s)
[2019.07.07-10.01.01:216][  6]LogPlayLevel: PIE: Created PIE world by copying editor world from /Game/NewMap.NewMap to /Game/UEDPIE_0_NewMap.NewMap (0.008860s)
[2019.07.07-10.01.01:245][  6]LogUObjectHash: Compacting FUObjectHashTables data took   1.83ms
[2019.07.07-10.01.01:283][  6]LogTaskGraph: Warning: Task graph took  37.31ms for RT to recieve broadcast.
[2019.07.07-10.01.01:283][  6]LogTaskGraph: Warning: Task graph took  37.46ms for RT to recieve broadcast and do processing.
[2019.07.07-10.01.01:284][  6]LogTaskGraph: Warning: Task graph took  37.46ms to wait for named thread broadcast.
[2019.07.07-10.01.01:284][  6]LogTaskGraph: Warning: Task graph took  38.21ms to broadcast.
[2019.07.07-10.01.01:285][  6]LogAudioMixer: Display: Audio Mixer Platform Settings:
[2019.07.07-10.01.01:285][  6]LogAudioMixer: Display: 	Sample Rate:						  48000
[2019.07.07-10.01.01:285][  6]LogAudioMixer: Display: 	Callback Buffer Frame Size Requested: 1024
[2019.07.07-10.01.01:285][  6]LogAudioMixer: Display: 	Callback Buffer Frame Size To Use:	  1024
[2019.07.07-10.01.01:286][  6]LogAudioMixer: Display: 	Number of buffers to queue:			  2
[2019.07.07-10.01.01:286][  6]LogAudioMixer: Display: 	Max Channels (voices):				  0
[2019.07.07-10.01.01:286][  6]LogAudioMixer: Display: 	Number of Async Source Workers:		  0
[2019.07.07-10.01.01:286][  6]LogAudioMixer: Display: Initializing audio mixer.
[2019.07.07-10.01.01:287][  6]LogAudioMixerSDL: Display: Initialized SDL using pulseaudio platform API backend.
[2019.07.07-10.01.01:388][  6]LogInit: FAudioDevice initialized.
[2019.07.07-10.01.01:419][  6]LogLoad: Game class is 'MyEscapeRoomGameModeBase_BP_C'
[2019.07.07-10.01.01:424][  6]LogWorld: Bringing World /Game/UEDPIE_0_NewMap.NewMap up for play (max tick rate 0) at 2019.07.07-12.01.01
[2019.07.07-10.01.01:424][  6]LogWorld: Bringing up level for play took: 0.002636
[2019.07.07-10.01.01:579][  6]LogTemp: Warning: Position report reporting for duty on SM_Chair_5 at X=-114.684 Y=75.485 Z=20.063 
[2019.07.07-10.01.01:580][  6]LogTemp: Warning: Found phy hander for the componen DefaultPawn_BP_C_0 
[2019.07.07-10.01.01:580][  6]LogTemp: Warning: Found  Input  hander for the componen DefaultPawn_BP_C_0 
[2019.07.07-10.01.01:580][  6]PIE: Play in editor start time for /Game/UEDPIE_0_NewMap 0.375
[2019.07.07-10.01.01:580][  6]LogBlueprintUserMessages: Late PlayInEditor Detection: Level '/Game/NewMap.NewMap:PersistentLevel' has LevelScriptBlueprint '/Game/NewMap.NewMap:PersistentLevel.NewMap' with GeneratedClass '/Game/NewMap.NewMap_C' with ClassGeneratedBy '/Game/NewMap.NewMap:PersistentLevel.NewMap'
[2019.07.07-10.01.10:337][450]LogTemp: Warning: We are grabbing!
[2019.07.07-10.01.10:475][458]LogTemp: Warning: we released
[2019.07.07-10.01.11:239][503]LogTemp: Warning: We are grabbing!
[2019.07.07-10.01.11:813][537]LogTemp: Warning: we released
[2019.07.07-10.01.42:874][360]LogAudioMixer: Display: No commands were queued while flushing the source manager.
[2019.07.07-10.01.42:874][360]LogAudioMixer: Display: No commands were queued while flushing the source manager.
[2019.07.07-10.01.42:875][360]LogBlueprintUserMessages: Early EndPlayMap Detection: Level '/Game/NewMap.NewMap:PersistentLevel' has LevelScriptBlueprint '/Game/NewMap.NewMap:PersistentLevel.NewMap' with GeneratedClass '/Game/NewMap.NewMap_C' with ClassGeneratedBy '/Game/NewMap.NewMap:PersistentLevel.NewMap'
[2019.07.07-10.01.42:876][360]LogSlate: Updating window title bar state: overlay mode, drag disabled, window buttons hidden, title bar hidden
[2019.07.07-10.01.42:876][360]LogAudioMixer: Display: No commands were queued while flushing the source manager.
[2019.07.07-10.01.42:928][360]LogPlayLevel: Display: Shutting down PIE online subsystems
[2019.07.07-10.01.42:928][360]LogBlueprintUserMessages: Late EndPlayMap Detection: Level '/Game/NewMap.NewMap:PersistentLevel' has LevelScriptBlueprint '/Game/NewMap.NewMap:PersistentLevel.NewMap' with GeneratedClass '/Game/NewMap.NewMap_C' with ClassGeneratedBy '/Game/NewMap.NewMap:PersistentLevel.NewMap'
[2019.07.07-10.01.42:952][360]LogAudioMixer: Display: No commands were queued while flushing the source manager.
[2019.07.07-10.01.42:990][360]LogSlate: Updating window title bar state: overlay mode, drag disabled, window buttons hidden, title bar hidden
[2019.07.07-10.01.43:000][360]LogUObjectHash: Compacting FUObjectHashTables data took   4.15ms
[2019.07.07-10.01.43:020][361]LogPlayLevel: Display: Destroying online subsystem :Context_2
[2019.07.07-10.01.45:284][461]LogSlate: FSceneViewport::OnFocusLost() reason 0
[2019.07.07-10.01.45:494][468]LogRenderer: Reallocating scene render targets to support 812x500 Format 10 NumSamples 1 (Frame:1192).
[2019.07.07-10.01.45:600][469]LogRenderer: Reallocating scene render targets to support 812x552 Format 10 NumSamples 1 (Frame:1194).
[2019.07.07-10.01.45:726][470]LogRenderer: Reallocating scene render targets to support 812x572 Format 10 NumSamples 1 (Frame:1196).
[2019.07.07-10.01.48:592][566]LogRenderer: Reallocating scene render targets to support 972x572 Format 10 NumSamples 1 (Frame:1296).
[2019.07.07-10.01.48:808][568]LogRenderer: Reallocating scene render targets to support 1212x572 Format 10 NumSamples 1 (Frame:1298).
[2019.07.07-10.01.53:582][698]LogUObjectHash: Compacting FUObjectHashTables data took   0.89ms
[2019.07.07-10.01.53:616][698]LogTaskGraph: Warning: Task graph took  33.26ms for RHIT to recieve broadcast.
[2019.07.07-10.01.53:617][698]LogTaskGraph: Warning: Task graph took  33.45ms for RHIT to recieve broadcast and do processing.
[2019.07.07-10.01.53:617][698]LogTaskGraph: Warning: Task graph took  33.51ms to wait for named thread broadcast.
[2019.07.07-10.01.53:617][698]LogTaskGraph: Warning: Task graph took  34.86ms to broadcast.
[2019.07.07-10.01.53:618][698]LogLinux: Scale at X=63.000000, Y=27.000000: 1.000000 (monitor=#0, HDPI=96.000000 (horz scale: 1.000000), VDPI=96.000000 (vert scale: 1.000000))
[2019.07.07-10.01.53:673][698]LogSlate: Window 'EscapeRoom - Unreal Editor' being destroyed
[2019.07.07-10.01.53:845][699]Cmd: QUIT_EDITOR
[2019.07.07-10.01.53:860][699]LogAudioMixer: Display: No commands were queued while flushing the source manager.
[2019.07.07-10.01.53:963][699]LogSlate: Slate User Destroyed.  User Index 0, Is Virtual User: 0
[2019.07.07-10.01.53:963][699]LogExit: Preparing to exit.
[2019.07.07-10.01.54:937][699]LogExit: Editor shut down
[2019.07.07-10.01.54:939][699]LogExit: Transaction tracking system shut down
[2019.07.07-10.01.55:171][699]LogExit: Object subsystem successfully closed.
[2019.07.07-10.01.55:182][699]LogShaderCompilers: Display: Shaders left to compile 0
[2019.07.07-10.01.55:191][699]LogRendererCore: FGlobalReadBuffer::ReleaseRHI
[2019.07.07-10.01.55:191][699]LogRendererCore: FGlobalDynamicReadBuffer::Cleanup()
[2019.07.07-10.01.55:191][699]LogRendererCore: FGlobalReadBuffer::ReleaseRHI
[2019.07.07-10.01.55:191][699]LogRendererCore: FGlobalDynamicReadBuffer::Cleanup()
[2019.07.07-10.01.55:191][699]LogRendererCore: FGlobalReadBuffer::ReleaseRHI
[2019.07.07-10.01.55:191][699]LogRendererCore: FGlobalDynamicReadBuffer::Cleanup()
